#
# A fatal error has been detected by the Java Runtime Environment:
#
#  EXCEPTION_ACCESS_VIOLATION (0xc0000005) at pc=0x00007ffd5df6e3c1, pid=10216, tid=6816
#
# JRE version: Java(TM) SE Runtime Environment (21.0.2+13) (build 21.0.2+13-LTS-58)
# Java VM: Java HotSpot(TM) 64-Bit Server VM (21.0.2+13-LTS-58, mixed mode, emulated-client, sharing, tiered, compressed oops, compressed class ptrs, g1 gc, windows-amd64)
# Problematic frame:
# V  [jvm.dll+0x13e3c1]
#
# No core dump will be written. Minidumps are not enabled by default on client versions of Windows
#
# If you would like to submit a bug report, please visit:
#   https://bugreport.java.com/bugreport/crash.jsp
#

---------------  S U M M A R Y ------------

Command Line: -XX:TieredStopAtLevel=1 -Dspring.output.ansi.enabled=always -Dcom.sun.management.jmxremote -Dspring.jmx.enabled=true -Dspring.liveBeansView.mbeanDomain -Dspring.application.admin.enabled=true -Dmanagement.endpoints.jmx.exposure.include=* -javaagent:C:\Program Files\JetBrains\IntelliJ IDEA 2023.3.6\lib\idea_rt.jar=51545:C:\Program Files\JetBrains\IntelliJ IDEA 2023.3.6\bin -Dfile.encoding=UTF-8 -Dsun.stdout.encoding=UTF-8 -Dsun.stderr.encoding=UTF-8 fit.iuh.modish_motion.ModishMotionApplication

Host: Intel(R) Core(TM) i5-7300U CPU @ 2.60GHz, 4 cores, 15G,  Windows 10 , 64 bit Build 19041 (10.0.19041.5072)
Time: Fri Nov 29 14:15:05 2024 SE Asia Standard Time elapsed time: 2.645138 seconds (0d 0h 0m 2s)

---------------  T H R E A D  ---------------

Current thread (0x000002c58c652f70):  WorkerThread "GC Thread#0"    [id=6816, stack(0x000000ffb4800000,0x000000ffb4900000) (1024K)]

Stack: [0x000000ffb4800000,0x000000ffb4900000],  sp=0x000000ffb48ffa08,  free space=1022k
Native frames: (J=compiled Java code, j=interpreted, Vv=VM code, C=native code)
V  [jvm.dll+0x13e3c1]


siginfo: EXCEPTION_ACCESS_VIOLATION (0xc0000005), reading address 0xffffffffffffffff


Registers:
RAX=0x30000002c59f0000, RBX=0x0000000000000001, RCX=0x000002c59f08d4f9, RDX=0x00000007101a2140
RSP=0x000000ffb48ffa08, RBP=0x00000000000009d1, RSI=0x000002c58c6064c0, RDI=0x0000000000000009
R8 =0x000002c59f08d4f9, R9 =0x0000000000000000, R10=0x00000007101a2140, R11=0x0000000000000001
R12=0x000002c58c5fc978, R13=0x000002c59f08d4f9, R14=0x00000007101a2140, R15=0x000002c5e54afd20
RIP=0x00007ffd5df6e3c1, EFLAGS=0x0000000000010246


Register to memory mapping:

RAX=0x30000002c59f0000 is an unknown value
RBX=0x0000000000000001 is an unknown value
RCX=0x000002c59f08d4f9 is pointing into metadata
RDX=
[error occurred during error reporting (printing register info), id 0xc0000005, EXCEPTION_ACCESS_VIOLATION (0xc0000005) at pc=0x00007ffd5df6e3c1]
RSP=0x000000ffb48ffa08 points into unknown readable memory: 0x00007ffd5e187c6b | 6b 7c 18 5e fd 7f 00 00
RBP=0x00000000000009d1 is an unknown value
RSI=0x000002c58c6064c0 points into unknown readable memory: 0x0000000000000000 | 00 00 00 00 00 00 00 00
RDI=0x0000000000000009 is an unknown value
R8 =0x000002c59f08d4f9 is pointing into metadata
R9 =0x0 is null
R10=
[error occurred during error reporting (printing register info, attempt 2), id 0xc0000005, EXCEPTION_ACCESS_VIOLATION (0xc0000005) at pc=0x00007ffd5df6e3c1]
R11=0x0000000000000001 is an unknown value
R12=0x000002c58c5fc978 points into unknown readable memory: 0x10051a59403bf49b | 9b f4 3b 40 59 1a 05 10
R13=0x000002c59f08d4f9 is pointing into metadata
R14=
[error occurred during error reporting (printing register info, attempt 3), id 0xc0000005, EXCEPTION_ACCESS_VIOLATION (0xc0000005) at pc=0x00007ffd5df6e3c1]
Top of Stack: (sp=0x000000ffb48ffa08)
0x000000ffb48ffa08:   00007ffd5e187c6b 0000000000000009
0x000000ffb48ffa18:   0000000000000009 0000000000000002
0x000000ffb48ffa28:   00007ffd5e4f3a3f 000000070e3e5b6c
0x000000ffb48ffa38:   00007ffd5e186019 0000000000000009
0x000000ffb48ffa48:   000002c58c6aa150 0000000000000000
0x000000ffb48ffa58:   00007ffd5e63a49e 000002c5e54afea8
0x000000ffb48ffa68:   0000000000000000 0000000000000000
0x000000ffb48ffa78:   000002c5e54afd20 000002c58c5fc978
0x000000ffb48ffa88:   000000070e3eb92c 000002c58c6064c0
0x000000ffb48ffa98:   00000000000009d1 000002c5e54afd20
0x000000ffb48ffaa8:   00007ffd5e188efa 000002c5e54a0000
0x000000ffb48ffab8:   0000000000000001 000002c500000000
0x000000ffb48ffac8:   0000000000000010 000002c58c5fc590
0x000000ffb48ffad8:   000002c5e466aaf0 000000ffb48ffbd0
0x000000ffb48ffae8:   0000000000000014 000000ffb48ffb60
0x000000ffb48ffaf8:   00007ffd5e19ce44 000002c58c5fc978
0x000000ffb48ffb08:   000002c5e54afd20 000000ffb48ffbe9
0x000000ffb48ffb18:   00007ffd5e17bffa 000000ffb4efe990
0x000000ffb48ffb28:   00007ffd5e4f3a3f 0000000000000000
0x000000ffb48ffb38:   0000000000000000 0000000000000000
0x000000ffb48ffb48:   0000000000000000 000002c5e466aaf0
0x000000ffb48ffb58:   00007ffd5e63a407 000002c58c5fc590
0x000000ffb48ffb68:   000002c5e466aaf0 00000000000003d8
0x000000ffb48ffb78:   000002c58c5fc978 0000000000000002
0x000000ffb48ffb88:   00007ffd5e19d57a 000002c5e54afd20
0x000000ffb48ffb98:   0000000000000014 000000ffb4efe990
0x000000ffb48ffba8:   0000000000000001 000002c5e54afd20
0x000000ffb48ffbb8:   000002c58c604300 0000000001921012
0x000000ffb48ffbc8:   000000019668ab08 00007ffd5e80aca8
0x000000ffb48ffbd8:   0000000000000000 0000000000000000
0x000000ffb48ffbe8:   0000000000000000 000002c58c5fcb10
0x000000ffb48ffbf8:   000002c5e54afd20 000002c58a5332f0 

Instructions: (pc=0x00007ffd5df6e3c1)
0x00007ffd5df6e2c1:   08 8b 0d b0 dc a7 00 49 d3 e0 4c 03 05 9e dc a7
0x00007ffd5df6e2d1:   00 eb 04 4c 8b 41 08 45 8b 48 08 45 85 c9 7e 0e
0x00007ffd5df6e2e1:   41 f6 c1 01 75 53 41 c1 f9 03 49 63 c1 c3 79 49
0x00007ffd5df6e2f1:   84 c0 41 b8 0c 00 00 00 8b 05 b9 ed a7 00 b9 10
0x00007ffd5df6e301:   00 00 00 41 0f 45 c8 ff c8 4c 63 c0 41 8b c1 48
0x00007ffd5df6e311:   c1 f8 10 0f b6 c0 48 63 14 11 41 8b c9 83 e1 3f
0x00007ffd5df6e321:   48 d3 e2 49 8d 0c 10 49 f7 d0 48 03 c1 49 c1 e8
0x00007ffd5df6e331:   03 48 c1 e8 03 49 23 c0 c3 49 8b 00 49 8b c8 48
0x00007ffd5df6e341:   ff a0 00 01 00 00 cc cc cc cc cc cc cc cc cc 4c
0x00007ffd5df6e351:   8b c2 48 8b d1 45 8b 48 08 45 85 c9 7e 0e 41 f6
0x00007ffd5df6e361:   c1 01 75 56 41 c1 f9 03 49 63 c1 c3 79 4c 80 3d
0x00007ffd5df6e371:   a8 f1 a7 00 00 b8 0c 00 00 00 b9 10 00 00 00 0f
0x00007ffd5df6e381:   45 c8 8b 05 2f ed a7 00 ff c8 4c 63 c0 41 8b c1
0x00007ffd5df6e391:   48 c1 f8 10 48 63 14 11 41 8b c9 83 e1 3f 0f b6
0x00007ffd5df6e3a1:   c0 48 d3 e2 49 8d 0c 10 49 f7 d0 48 03 c1 49 c1
0x00007ffd5df6e3b1:   e8 03 48 c1 e8 03 49 23 c0 c3 49 8b 00 49 8b c8
0x00007ffd5df6e3c1:   48 ff a0 00 01 00 00 cc cc cc cc cc cc cc cc 48
0x00007ffd5df6e3d1:   83 ec 28 ba 37 00 00 00 48 8d 0d c8 89 85 00 e8
0x00007ffd5df6e3e1:   5b 29 14 00 cc cc cc cc cc cc cc cc cc cc cc 40
0x00007ffd5df6e3f1:   53 48 83 ec 20 48 8b d9 49 8b c0 33 c9 45 0f b6
0x00007ffd5df6e401:   c1 48 89 0b 48 89 4b 08 48 8b cb 48 89 53 10 48
0x00007ffd5df6e411:   8b d0 e8 a8 09 00 00 48 8b c3 48 83 c4 20 5b c3
0x00007ffd5df6e421:   cc cc cc cc cc cc cc cc cc cc cc cc cc cc cc 40
0x00007ffd5df6e431:   53 48 83 ec 20 33 c0 44 88 41 10 45 0f b6 c1 48
0x00007ffd5df6e441:   89 01 48 89 41 08 48 8b d9 e8 81 0a 00 00 48 8b
0x00007ffd5df6e451:   c3 48 83 c4 20 5b c3 cc cc cc cc cc cc cc cc 40
0x00007ffd5df6e461:   53 48 83 ec 20 33 c0 48 8b d9 48 89 01 48 89 41
0x00007ffd5df6e471:   08 e8 09 0c 00 00 48 8b c3 48 83 c4 20 5b c3 48
0x00007ffd5df6e481:   8b c1 48 8b 09 48 85 c9 74 3c 48 8b 40 08 48 83
0x00007ffd5df6e491:   c0 3f 48 c1 e8 06 48 8d 14 c5 00 00 00 00 48 3b
0x00007ffd5df6e4a1:   15 22 f5 a7 00 0f 82 74 06 f8 ff 48 8b 05 85 f8
0x00007ffd5df6e4b1:   af 00 48 ff ca 48 03 d0 48 ff c8 48 f7 d0 48 23 


Stack slot to memory mapping:

stack at sp + 0 slots: 0x00007ffd5e187c6b jvm.dll
stack at sp + 1 slots: 0x0000000000000009 is an unknown value
stack at sp + 2 slots: 0x0000000000000009 is an unknown value
stack at sp + 3 slots: 0x0000000000000002 is an unknown value
stack at sp + 4 slots: 0x00007ffd5e4f3a3f jvm.dll
stack at sp + 5 slots: 
[error occurred during error reporting (inspecting top of stack), id 0xc0000005, EXCEPTION_ACCESS_VIOLATION (0xc0000005) at pc=0x00007ffd5df6e356]
stack at sp + 6 slots: 0x00007ffd5e186019 jvm.dll
stack at sp + 7 slots: 0x0000000000000009 is an unknown value


---------------  P R O C E S S  ---------------

Threads class SMR info:
_java_thread_list=0x000002c5e55990c0, length=18, elements={
0x000002c58c5ead40, 0x000002c59ec9c470, 0x000002c59ec9f2a0, 0x000002c59eca1510,
0x000002c59eca24b0, 0x000002c59eca3f20, 0x000002c59eca4980, 0x000002c59eca53e0,
0x000002c59ec66f90, 0x000002c59ec67860, 0x000002c5e457ac10, 0x000002c5e457c290,
0x000002c5e4669fc0, 0x000002c5e47a2a70, 0x000002c5e4878970, 0x000002c5e48b2db0,
0x000002c5e4b6c060, 0x000002c5e4bd3f60
}

Java Threads: ( => current thread )
  0x000002c58c5ead40 JavaThread "main"                              [_thread_blocked, id=5240, stack(0x000000ffb4700000,0x000000ffb4800000) (1024K)]
  0x000002c59ec9c470 JavaThread "Reference Handler"          daemon [_thread_blocked, id=2836, stack(0x000000ffb4f00000,0x000000ffb5000000) (1024K)]
  0x000002c59ec9f2a0 JavaThread "Finalizer"                  daemon [_thread_blocked, id=7476, stack(0x000000ffb5000000,0x000000ffb5100000) (1024K)]
  0x000002c59eca1510 JavaThread "Signal Dispatcher"          daemon [_thread_blocked, id=10304, stack(0x000000ffb5100000,0x000000ffb5200000) (1024K)]
  0x000002c59eca24b0 JavaThread "Attach Listener"            daemon [_thread_blocked, id=8664, stack(0x000000ffb5200000,0x000000ffb5300000) (1024K)]
  0x000002c59eca3f20 JavaThread "Service Thread"             daemon [_thread_blocked, id=6044, stack(0x000000ffb5300000,0x000000ffb5400000) (1024K)]
  0x000002c59eca4980 JavaThread "Monitor Deflation Thread"   daemon [_thread_blocked, id=9748, stack(0x000000ffb5400000,0x000000ffb5500000) (1024K)]
  0x000002c59eca53e0 JavaThread "C1 CompilerThread0"         daemon [_thread_blocked, id=8384, stack(0x000000ffb5500000,0x000000ffb5600000) (1024K)]
  0x000002c59ec66f90 JavaThread "Common-Cleaner"             daemon [_thread_blocked, id=12960, stack(0x000000ffb5600000,0x000000ffb5700000) (1024K)]
  0x000002c59ec67860 JavaThread "C1 CompilerThread1"         daemon [_thread_blocked, id=12964, stack(0x000000ffb5700000,0x000000ffb5800000) (1024K)]
  0x000002c5e457ac10 JavaThread "Monitor Ctrl-Break"         daemon [_thread_in_native, id=4280, stack(0x000000ffb5800000,0x000000ffb5900000) (1024K)]
  0x000002c5e457c290 JavaThread "Notification Thread"        daemon [_thread_blocked, id=12944, stack(0x000000ffb5900000,0x000000ffb5a00000) (1024K)]
  0x000002c5e4669fc0 JavaThread "C1 CompilerThread2"         daemon [_thread_blocked, id=13060, stack(0x000000ffb5a00000,0x000000ffb5b00000) (1024K)]
  0x000002c5e47a2a70 JavaThread "RMI TCP Accept-0"           daemon [_thread_in_native, id=12948, stack(0x000000ffb5e00000,0x000000ffb5f00000) (1024K)]
  0x000002c5e4878970 JavaThread "RMI TCP Connection(1)-192.168.1.26" daemon [_thread_blocked, id=2892, stack(0x000000ffb5f00000,0x000000ffb6000000) (1024K)]
  0x000002c5e48b2db0 JavaThread "RMI Scheduler(0)"           daemon [_thread_blocked, id=2880, stack(0x000000ffb6000000,0x000000ffb6100000) (1024K)]
  0x000002c5e4b6c060 JavaThread "Thread-0"                          [_thread_blocked, id=4284, stack(0x000000ffb6100000,0x000000ffb6200000) (1024K)]
  0x000002c5e4bd3f60 JavaThread "restartedMain"                     [_thread_blocked, id=9692, stack(0x000000ffb6200000,0x000000ffb6300000) (1024K)]
Total: 18

Other Threads:
  0x000002c59ec7c530 VMThread "VM Thread"                           [id=9288, stack(0x000000ffb4e00000,0x000000ffb4f00000) (1024K)]
  0x000002c59ec65090 WatcherThread "VM Periodic Task Thread"        [id=4548, stack(0x000000ffb4d00000,0x000000ffb4e00000) (1024K)]
=>0x000002c58c652f70 WorkerThread "GC Thread#0"                     [id=6816, stack(0x000000ffb4800000,0x000000ffb4900000) (1024K)]
  0x000002c5e466ee80 WorkerThread "GC Thread#1"                     [id=12188, stack(0x000000ffb5b00000,0x000000ffb5c00000) (1024K)]
  0x000002c5e4675240 WorkerThread "GC Thread#2"                     [id=13020, stack(0x000000ffb5c00000,0x000000ffb5d00000) (1024K)]
  0x000002c5e4681600 WorkerThread "GC Thread#3"                     [id=12320, stack(0x000000ffb5d00000,0x000000ffb5e00000) (1024K)]
  0x000002c58c663c70 ConcurrentGCThread "G1 Main Marker"            [id=1608, stack(0x000000ffb4900000,0x000000ffb4a00000) (1024K)]
  0x000002c58c664680 WorkerThread "G1 Conc#0"                       [id=8724, stack(0x000000ffb4a00000,0x000000ffb4b00000) (1024K)]
  0x000002c58c6ae870 ConcurrentGCThread "G1 Refine#0"               [id=8960, stack(0x000000ffb4b00000,0x000000ffb4c00000) (1024K)]
  0x000002c59eb25680 ConcurrentGCThread "G1 Service"                [id=356, stack(0x000000ffb4c00000,0x000000ffb4d00000) (1024K)]
Total: 10

Threads with active compile tasks:
Total: 0

VM state: at safepoint (normal execution)

VM Mutex/Monitor currently owned by a thread:  ([mutex/lock_event])
[0x00007ffd5ea6cd68] Threads_lock - owner thread: 0x000002c59ec7c530
[0x00007ffd5ea6ce68] Heap_lock - owner thread: 0x000002c5e4bd3f60

Heap address: 0x0000000701e00000, size: 4066 MB, Compressed Oops mode: Zero based, Oop shift amount: 3

CDS archive(s) mapped at: [0x000002c59f000000-0x000002c59fc90000-0x000002c59fc90000), size 13172736, SharedBaseAddress: 0x000002c59f000000, ArchiveRelocationMode: 1.
Compressed class space mapped at: 0x000002c5a0000000-0x000002c5e0000000, reserved size: 1073741824
Narrow klass base: 0x000002c59f000000, Narrow klass shift: 0, Narrow klass range: 0x100000000

GC Precious Log:
 CardTable entry size: 512
 Card Set container configuration: InlinePtr #cards 4 size 8 Array Of Cards #cards 16 size 48 Howl #buckets 8 coarsen threshold 3686 Howl Bitmap #cards 512 size 80 coarsen threshold 460 Card regions per heap region 1 cards per card region 4096
 CPUs: 4 total, 4 available
 Memory: 16262M
 Large Page Support: Disabled
 NUMA Support: Disabled
 Compressed Oops: Enabled (Zero based)
 Heap Region Size: 2M
 Heap Min Capacity: 8M
 Heap Initial Capacity: 256M
 Heap Max Capacity: 4066M
 Pre-touch: Disabled
 Parallel Workers: 4
 Concurrent Workers: 1
 Concurrent Refinement Workers: 4
 Periodic GC: Disabled

Heap:
 garbage-first heap   total 262144K, used 60975K [0x0000000701e00000, 0x0000000800000000)
  region size 2048K, 29 young (59392K), 4 survivors (8192K)
 Metaspace       used 21155K, committed 21504K, reserved 1114112K
  class space    used 2774K, committed 2944K, reserved 1048576K

Heap Regions: E=young(eden), S=young(survivor), O=old, HS=humongous(starts), HC=humongous(continues), CS=collection set, F=free, TAMS=top-at-mark-start, PB=parsable bottom
|   0|0x0000000701e00000, 0x0000000702000000, 0x0000000702000000|100%| O|  |TAMS 0x0000000702000000| PB 0x0000000701e00000| Untracked 
|   1|0x0000000702000000, 0x0000000702200000, 0x0000000702200000|100%| O|  |TAMS 0x0000000702200000| PB 0x0000000702000000| Untracked 
|   2|0x0000000702200000, 0x00000007023f72c8, 0x0000000702400000| 98%| O|  |TAMS 0x00000007023f72c8| PB 0x0000000702200000| Untracked 
|   3|0x0000000702400000, 0x0000000702400000, 0x0000000702600000|  0%| F|  |TAMS 0x0000000702400000| PB 0x0000000702400000| Untracked 
|   4|0x0000000702600000, 0x0000000702600000, 0x0000000702800000|  0%| F|  |TAMS 0x0000000702600000| PB 0x0000000702600000| Untracked 
|   5|0x0000000702800000, 0x0000000702800000, 0x0000000702a00000|  0%| F|  |TAMS 0x0000000702800000| PB 0x0000000702800000| Untracked 
|   6|0x0000000702a00000, 0x0000000702a00000, 0x0000000702c00000|  0%| F|  |TAMS 0x0000000702a00000| PB 0x0000000702a00000| Untracked 
|   7|0x0000000702c00000, 0x0000000702c00000, 0x0000000702e00000|  0%| F|  |TAMS 0x0000000702c00000| PB 0x0000000702c00000| Untracked 
|   8|0x0000000702e00000, 0x0000000702e00000, 0x0000000703000000|  0%| F|  |TAMS 0x0000000702e00000| PB 0x0000000702e00000| Untracked 
|   9|0x0000000703000000, 0x0000000703000000, 0x0000000703200000|  0%| F|  |TAMS 0x0000000703000000| PB 0x0000000703000000| Untracked 
|  10|0x0000000703200000, 0x0000000703200000, 0x0000000703400000|  0%| F|  |TAMS 0x0000000703200000| PB 0x0000000703200000| Untracked 
|  11|0x0000000703400000, 0x0000000703400000, 0x0000000703600000|  0%| F|  |TAMS 0x0000000703400000| PB 0x0000000703400000| Untracked 
|  12|0x0000000703600000, 0x0000000703600000, 0x0000000703800000|  0%| F|  |TAMS 0x0000000703600000| PB 0x0000000703600000| Untracked 
|  13|0x0000000703800000, 0x0000000703800000, 0x0000000703a00000|  0%| F|  |TAMS 0x0000000703800000| PB 0x0000000703800000| Untracked 
|  14|0x0000000703a00000, 0x0000000703a00000, 0x0000000703c00000|  0%| F|  |TAMS 0x0000000703a00000| PB 0x0000000703a00000| Untracked 
|  15|0x0000000703c00000, 0x0000000703c00000, 0x0000000703e00000|  0%| F|  |TAMS 0x0000000703c00000| PB 0x0000000703c00000| Untracked 
|  16|0x0000000703e00000, 0x0000000703e00000, 0x0000000704000000|  0%| F|  |TAMS 0x0000000703e00000| PB 0x0000000703e00000| Untracked 
|  17|0x0000000704000000, 0x0000000704000000, 0x0000000704200000|  0%| F|  |TAMS 0x0000000704000000| PB 0x0000000704000000| Untracked 
|  18|0x0000000704200000, 0x0000000704200000, 0x0000000704400000|  0%| F|  |TAMS 0x0000000704200000| PB 0x0000000704200000| Untracked 
|  19|0x0000000704400000, 0x0000000704400000, 0x0000000704600000|  0%| F|  |TAMS 0x0000000704400000| PB 0x0000000704400000| Untracked 
|  20|0x0000000704600000, 0x0000000704600000, 0x0000000704800000|  0%| F|  |TAMS 0x0000000704600000| PB 0x0000000704600000| Untracked 
|  21|0x0000000704800000, 0x0000000704800000, 0x0000000704a00000|  0%| F|  |TAMS 0x0000000704800000| PB 0x0000000704800000| Untracked 
|  22|0x0000000704a00000, 0x0000000704a00000, 0x0000000704c00000|  0%| F|  |TAMS 0x0000000704a00000| PB 0x0000000704a00000| Untracked 
|  23|0x0000000704c00000, 0x0000000704c00000, 0x0000000704e00000|  0%| F|  |TAMS 0x0000000704c00000| PB 0x0000000704c00000| Untracked 
|  24|0x0000000704e00000, 0x0000000704e00000, 0x0000000705000000|  0%| F|  |TAMS 0x0000000704e00000| PB 0x0000000704e00000| Untracked 
|  25|0x0000000705000000, 0x0000000705000000, 0x0000000705200000|  0%| F|  |TAMS 0x0000000705000000| PB 0x0000000705000000| Untracked 
|  26|0x0000000705200000, 0x0000000705200000, 0x0000000705400000|  0%| F|  |TAMS 0x0000000705200000| PB 0x0000000705200000| Untracked 
|  27|0x0000000705400000, 0x0000000705400000, 0x0000000705600000|  0%| F|  |TAMS 0x0000000705400000| PB 0x0000000705400000| Untracked 
|  28|0x0000000705600000, 0x0000000705600000, 0x0000000705800000|  0%| F|  |TAMS 0x0000000705600000| PB 0x0000000705600000| Untracked 
|  29|0x0000000705800000, 0x0000000705800000, 0x0000000705a00000|  0%| F|  |TAMS 0x0000000705800000| PB 0x0000000705800000| Untracked 
|  30|0x0000000705a00000, 0x0000000705a00000, 0x0000000705c00000|  0%| F|  |TAMS 0x0000000705a00000| PB 0x0000000705a00000| Untracked 
|  31|0x0000000705c00000, 0x0000000705c00000, 0x0000000705e00000|  0%| F|  |TAMS 0x0000000705c00000| PB 0x0000000705c00000| Untracked 
|  32|0x0000000705e00000, 0x0000000705e00000, 0x0000000706000000|  0%| F|  |TAMS 0x0000000705e00000| PB 0x0000000705e00000| Untracked 
|  33|0x0000000706000000, 0x0000000706000000, 0x0000000706200000|  0%| F|  |TAMS 0x0000000706000000| PB 0x0000000706000000| Untracked 
|  34|0x0000000706200000, 0x0000000706200000, 0x0000000706400000|  0%| F|  |TAMS 0x0000000706200000| PB 0x0000000706200000| Untracked 
|  35|0x0000000706400000, 0x0000000706400000, 0x0000000706600000|  0%| F|  |TAMS 0x0000000706400000| PB 0x0000000706400000| Untracked 
|  36|0x0000000706600000, 0x0000000706600000, 0x0000000706800000|  0%| F|  |TAMS 0x0000000706600000| PB 0x0000000706600000| Untracked 
|  37|0x0000000706800000, 0x0000000706800000, 0x0000000706a00000|  0%| F|  |TAMS 0x0000000706800000| PB 0x0000000706800000| Untracked 
|  38|0x0000000706a00000, 0x0000000706a00000, 0x0000000706c00000|  0%| F|  |TAMS 0x0000000706a00000| PB 0x0000000706a00000| Untracked 
|  39|0x0000000706c00000, 0x0000000706c00000, 0x0000000706e00000|  0%| F|  |TAMS 0x0000000706c00000| PB 0x0000000706c00000| Untracked 
|  40|0x0000000706e00000, 0x0000000706e00000, 0x0000000707000000|  0%| F|  |TAMS 0x0000000706e00000| PB 0x0000000706e00000| Untracked 
|  41|0x0000000707000000, 0x0000000707000000, 0x0000000707200000|  0%| F|  |TAMS 0x0000000707000000| PB 0x0000000707000000| Untracked 
|  42|0x0000000707200000, 0x0000000707200000, 0x0000000707400000|  0%| F|  |TAMS 0x0000000707200000| PB 0x0000000707200000| Untracked 
|  43|0x0000000707400000, 0x0000000707400000, 0x0000000707600000|  0%| F|  |TAMS 0x0000000707400000| PB 0x0000000707400000| Untracked 
|  44|0x0000000707600000, 0x0000000707600000, 0x0000000707800000|  0%| F|  |TAMS 0x0000000707600000| PB 0x0000000707600000| Untracked 
|  45|0x0000000707800000, 0x0000000707800000, 0x0000000707a00000|  0%| F|  |TAMS 0x0000000707800000| PB 0x0000000707800000| Untracked 
|  46|0x0000000707a00000, 0x0000000707a00000, 0x0000000707c00000|  0%| F|  |TAMS 0x0000000707a00000| PB 0x0000000707a00000| Untracked 
|  47|0x0000000707c00000, 0x0000000707c00000, 0x0000000707e00000|  0%| F|  |TAMS 0x0000000707c00000| PB 0x0000000707c00000| Untracked 
|  48|0x0000000707e00000, 0x0000000707e00000, 0x0000000708000000|  0%| F|  |TAMS 0x0000000707e00000| PB 0x0000000707e00000| Untracked 
|  49|0x0000000708000000, 0x0000000708000000, 0x0000000708200000|  0%| F|  |TAMS 0x0000000708000000| PB 0x0000000708000000| Untracked 
|  50|0x0000000708200000, 0x0000000708200000, 0x0000000708400000|  0%| F|  |TAMS 0x0000000708200000| PB 0x0000000708200000| Untracked 
|  51|0x0000000708400000, 0x0000000708400000, 0x0000000708600000|  0%| F|  |TAMS 0x0000000708400000| PB 0x0000000708400000| Untracked 
|  52|0x0000000708600000, 0x0000000708600000, 0x0000000708800000|  0%| F|  |TAMS 0x0000000708600000| PB 0x0000000708600000| Untracked 
|  53|0x0000000708800000, 0x0000000708800000, 0x0000000708a00000|  0%| F|  |TAMS 0x0000000708800000| PB 0x0000000708800000| Untracked 
|  54|0x0000000708a00000, 0x0000000708a00000, 0x0000000708c00000|  0%| F|  |TAMS 0x0000000708a00000| PB 0x0000000708a00000| Untracked 
|  55|0x0000000708c00000, 0x0000000708c00000, 0x0000000708e00000|  0%| F|  |TAMS 0x0000000708c00000| PB 0x0000000708c00000| Untracked 
|  56|0x0000000708e00000, 0x0000000708e00000, 0x0000000709000000|  0%| F|  |TAMS 0x0000000708e00000| PB 0x0000000708e00000| Untracked 
|  57|0x0000000709000000, 0x0000000709000000, 0x0000000709200000|  0%| F|  |TAMS 0x0000000709000000| PB 0x0000000709000000| Untracked 
|  58|0x0000000709200000, 0x0000000709200000, 0x0000000709400000|  0%| F|  |TAMS 0x0000000709200000| PB 0x0000000709200000| Untracked 
|  59|0x0000000709400000, 0x0000000709400000, 0x0000000709600000|  0%| F|  |TAMS 0x0000000709400000| PB 0x0000000709400000| Untracked 
|  60|0x0000000709600000, 0x0000000709600000, 0x0000000709800000|  0%| F|  |TAMS 0x0000000709600000| PB 0x0000000709600000| Untracked 
|  61|0x0000000709800000, 0x0000000709800000, 0x0000000709a00000|  0%| F|  |TAMS 0x0000000709800000| PB 0x0000000709800000| Untracked 
|  62|0x0000000709a00000, 0x0000000709a00000, 0x0000000709c00000|  0%| F|  |TAMS 0x0000000709a00000| PB 0x0000000709a00000| Untracked 
|  63|0x0000000709c00000, 0x0000000709c00000, 0x0000000709e00000|  0%| F|  |TAMS 0x0000000709c00000| PB 0x0000000709c00000| Untracked 
|  64|0x0000000709e00000, 0x0000000709e00000, 0x000000070a000000|  0%| F|  |TAMS 0x0000000709e00000| PB 0x0000000709e00000| Untracked 
|  65|0x000000070a000000, 0x000000070a000000, 0x000000070a200000|  0%| F|  |TAMS 0x000000070a000000| PB 0x000000070a000000| Untracked 
|  66|0x000000070a200000, 0x000000070a200000, 0x000000070a400000|  0%| F|  |TAMS 0x000000070a200000| PB 0x000000070a200000| Untracked 
|  67|0x000000070a400000, 0x000000070a400000, 0x000000070a600000|  0%| F|  |TAMS 0x000000070a400000| PB 0x000000070a400000| Untracked 
|  68|0x000000070a600000, 0x000000070a600000, 0x000000070a800000|  0%| F|  |TAMS 0x000000070a600000| PB 0x000000070a600000| Untracked 
|  69|0x000000070a800000, 0x000000070a800000, 0x000000070aa00000|  0%| F|  |TAMS 0x000000070a800000| PB 0x000000070a800000| Untracked 
|  70|0x000000070aa00000, 0x000000070aa00000, 0x000000070ac00000|  0%| F|  |TAMS 0x000000070aa00000| PB 0x000000070aa00000| Untracked 
|  71|0x000000070ac00000, 0x000000070ac00000, 0x000000070ae00000|  0%| F|  |TAMS 0x000000070ac00000| PB 0x000000070ac00000| Untracked 
|  72|0x000000070ae00000, 0x000000070ae00000, 0x000000070b000000|  0%| F|  |TAMS 0x000000070ae00000| PB 0x000000070ae00000| Untracked 
|  73|0x000000070b000000, 0x000000070b000000, 0x000000070b200000|  0%| F|  |TAMS 0x000000070b000000| PB 0x000000070b000000| Untracked 
|  74|0x000000070b200000, 0x000000070b200000, 0x000000070b400000|  0%| F|  |TAMS 0x000000070b200000| PB 0x000000070b200000| Untracked 
|  75|0x000000070b400000, 0x000000070b400000, 0x000000070b600000|  0%| F|  |TAMS 0x000000070b400000| PB 0x000000070b400000| Untracked 
|  76|0x000000070b600000, 0x000000070b600000, 0x000000070b800000|  0%| F|  |TAMS 0x000000070b600000| PB 0x000000070b600000| Untracked 
|  77|0x000000070b800000, 0x000000070b800000, 0x000000070ba00000|  0%| F|  |TAMS 0x000000070b800000| PB 0x000000070b800000| Untracked 
|  78|0x000000070ba00000, 0x000000070ba00000, 0x000000070bc00000|  0%| F|  |TAMS 0x000000070ba00000| PB 0x000000070ba00000| Untracked 
|  79|0x000000070bc00000, 0x000000070bc00000, 0x000000070be00000|  0%| F|  |TAMS 0x000000070bc00000| PB 0x000000070bc00000| Untracked 
|  80|0x000000070be00000, 0x000000070be00000, 0x000000070c000000|  0%| F|  |TAMS 0x000000070be00000| PB 0x000000070be00000| Untracked 
|  81|0x000000070c000000, 0x000000070c000000, 0x000000070c200000|  0%| F|  |TAMS 0x000000070c000000| PB 0x000000070c000000| Untracked 
|  82|0x000000070c200000, 0x000000070c200000, 0x000000070c400000|  0%| F|  |TAMS 0x000000070c200000| PB 0x000000070c200000| Untracked 
|  83|0x000000070c400000, 0x000000070c400000, 0x000000070c600000|  0%| F|  |TAMS 0x000000070c400000| PB 0x000000070c400000| Untracked 
|  84|0x000000070c600000, 0x000000070c600000, 0x000000070c800000|  0%| F|  |TAMS 0x000000070c600000| PB 0x000000070c600000| Untracked 
|  85|0x000000070c800000, 0x000000070c800000, 0x000000070ca00000|  0%| F|  |TAMS 0x000000070c800000| PB 0x000000070c800000| Untracked 
|  86|0x000000070ca00000, 0x000000070ca00000, 0x000000070cc00000|  0%| F|  |TAMS 0x000000070ca00000| PB 0x000000070ca00000| Untracked 
|  87|0x000000070cc00000, 0x000000070cc00000, 0x000000070ce00000|  0%| F|  |TAMS 0x000000070cc00000| PB 0x000000070cc00000| Untracked 
|  88|0x000000070ce00000, 0x000000070ce00000, 0x000000070d000000|  0%| F|  |TAMS 0x000000070ce00000| PB 0x000000070ce00000| Untracked 
|  89|0x000000070d000000, 0x000000070d000000, 0x000000070d200000|  0%| F|  |TAMS 0x000000070d000000| PB 0x000000070d000000| Untracked 
|  90|0x000000070d200000, 0x000000070d200000, 0x000000070d400000|  0%| F|  |TAMS 0x000000070d200000| PB 0x000000070d200000| Untracked 
|  91|0x000000070d400000, 0x000000070d400000, 0x000000070d600000|  0%| F|  |TAMS 0x000000070d400000| PB 0x000000070d400000| Untracked 
|  92|0x000000070d600000, 0x000000070d600000, 0x000000070d800000|  0%| F|  |TAMS 0x000000070d600000| PB 0x000000070d600000| Untracked 
|  93|0x000000070d800000, 0x000000070d800000, 0x000000070da00000|  0%| F|  |TAMS 0x000000070d800000| PB 0x000000070d800000| Untracked 
|  94|0x000000070da00000, 0x000000070da00000, 0x000000070dc00000|  0%| F|  |TAMS 0x000000070da00000| PB 0x000000070da00000| Untracked 
|  95|0x000000070dc00000, 0x000000070dc00000, 0x000000070de00000|  0%| F|  |TAMS 0x000000070dc00000| PB 0x000000070dc00000| Untracked 
|  96|0x000000070de00000, 0x000000070de00000, 0x000000070e000000|  0%| F|  |TAMS 0x000000070de00000| PB 0x000000070de00000| Untracked 
|  97|0x000000070e000000, 0x000000070e200000, 0x000000070e200000|100%| S|  |TAMS 0x000000070e000000| PB 0x000000070e000000| Complete 
|  98|0x000000070e200000, 0x000000070e400000, 0x000000070e400000|100%| S|  |TAMS 0x000000070e200000| PB 0x000000070e200000| Complete 
|  99|0x000000070e400000, 0x000000070e600000, 0x000000070e600000|100%| S|  |TAMS 0x000000070e400000| PB 0x000000070e400000| Complete 
| 100|0x000000070e600000, 0x000000070e800000, 0x000000070e800000|100%| S|  |TAMS 0x000000070e600000| PB 0x000000070e600000| Complete 
| 101|0x000000070e800000, 0x000000070e9b9b48, 0x000000070ea00000| 86%| E|CS|TAMS 0x000000070e800000| PB 0x000000070e800000| Complete 
| 102|0x000000070ea00000, 0x000000070ec00000, 0x000000070ec00000|100%| E|CS|TAMS 0x000000070ea00000| PB 0x000000070ea00000| Complete 
| 103|0x000000070ec00000, 0x000000070ee00000, 0x000000070ee00000|100%| E|CS|TAMS 0x000000070ec00000| PB 0x000000070ec00000| Complete 
| 104|0x000000070ee00000, 0x000000070f000000, 0x000000070f000000|100%| E|CS|TAMS 0x000000070ee00000| PB 0x000000070ee00000| Complete 
| 105|0x000000070f000000, 0x000000070f200000, 0x000000070f200000|100%| E|CS|TAMS 0x000000070f000000| PB 0x000000070f000000| Complete 
| 106|0x000000070f200000, 0x000000070f400000, 0x000000070f400000|100%| E|CS|TAMS 0x000000070f200000| PB 0x000000070f200000| Complete 
| 107|0x000000070f400000, 0x000000070f600000, 0x000000070f600000|100%| E|CS|TAMS 0x000000070f400000| PB 0x000000070f400000| Complete 
| 108|0x000000070f600000, 0x000000070f800000, 0x000000070f800000|100%| E|CS|TAMS 0x000000070f600000| PB 0x000000070f600000| Complete 
| 109|0x000000070f800000, 0x000000070fa00000, 0x000000070fa00000|100%| E|CS|TAMS 0x000000070f800000| PB 0x000000070f800000| Complete 
| 110|0x000000070fa00000, 0x000000070fc00000, 0x000000070fc00000|100%| E|CS|TAMS 0x000000070fa00000| PB 0x000000070fa00000| Complete 
| 111|0x000000070fc00000, 0x000000070fe00000, 0x000000070fe00000|100%| E|CS|TAMS 0x000000070fc00000| PB 0x000000070fc00000| Complete 
| 112|0x000000070fe00000, 0x000000070ffdaf00, 0x0000000710000000| 92%| E|CS|TAMS 0x000000070fe00000| PB 0x000000070fe00000| Complete 
| 113|0x0000000710000000, 0x0000000710200000, 0x0000000710200000|100%| E|CS|TAMS 0x0000000710000000| PB 0x0000000710000000| Complete 
| 114|0x0000000710200000, 0x0000000710400000, 0x0000000710400000|100%| E|CS|TAMS 0x0000000710200000| PB 0x0000000710200000| Complete 
| 115|0x0000000710400000, 0x0000000710600000, 0x0000000710600000|100%| E|CS|TAMS 0x0000000710400000| PB 0x0000000710400000| Complete 
| 116|0x0000000710600000, 0x0000000710800000, 0x0000000710800000|100%| E|CS|TAMS 0x0000000710600000| PB 0x0000000710600000| Complete 
| 117|0x0000000710800000, 0x0000000710a00000, 0x0000000710a00000|100%| E|CS|TAMS 0x0000000710800000| PB 0x0000000710800000| Complete 
| 118|0x0000000710a00000, 0x0000000710c00000, 0x0000000710c00000|100%| E|CS|TAMS 0x0000000710a00000| PB 0x0000000710a00000| Complete 
| 119|0x0000000710c00000, 0x0000000710e00000, 0x0000000710e00000|100%| E|CS|TAMS 0x0000000710c00000| PB 0x0000000710c00000| Complete 
| 120|0x0000000710e00000, 0x0000000711000000, 0x0000000711000000|100%| E|CS|TAMS 0x0000000710e00000| PB 0x0000000710e00000| Complete 
| 121|0x0000000711000000, 0x0000000711200000, 0x0000000711200000|100%| E|CS|TAMS 0x0000000711000000| PB 0x0000000711000000| Complete 
| 122|0x0000000711200000, 0x0000000711400000, 0x0000000711400000|100%| E|CS|TAMS 0x0000000711200000| PB 0x0000000711200000| Complete 
| 123|0x0000000711400000, 0x0000000711600000, 0x0000000711600000|100%| E|CS|TAMS 0x0000000711400000| PB 0x0000000711400000| Complete 
| 124|0x0000000711600000, 0x0000000711800000, 0x0000000711800000|100%| E|CS|TAMS 0x0000000711600000| PB 0x0000000711600000| Complete 
| 125|0x0000000711800000, 0x0000000711a00000, 0x0000000711a00000|100%| E|CS|TAMS 0x0000000711800000| PB 0x0000000711800000| Complete 
| 126|0x0000000711a00000, 0x0000000711c00000, 0x0000000711c00000|100%| E|CS|TAMS 0x0000000711a00000| PB 0x0000000711a00000| Complete 
| 127|0x0000000711c00000, 0x0000000711e00000, 0x0000000711e00000|100%| E|CS|TAMS 0x0000000711c00000| PB 0x0000000711c00000| Complete 

Card table byte_map: [0x000002c598250000,0x000002c598a50000] _byte_map_base: 0x000002c594a41000

Marking Bits: (CMBitMap*) 0x000002c58c653580
 Bits: [0x000002c598a50000, 0x000002c59c9d8000)

Polling page: 0x000002c58a470000

Metaspace:

Usage:
  Non-class:     17.95 MB used.
      Class:      2.71 MB used.
       Both:     20.66 MB used.

Virtual space:
  Non-class space:       64.00 MB reserved,      18.12 MB ( 28%) committed,  1 nodes.
      Class space:        1.00 GB reserved,       2.88 MB ( <1%) committed,  1 nodes.
             Both:        1.06 GB reserved,      21.00 MB (  2%) committed. 

Chunk freelists:
   Non-Class:  13.31 MB
       Class:  13.11 MB
        Both:  26.42 MB

MaxMetaspaceSize: unlimited
CompressedClassSpaceSize: 1.00 GB
Initial GC threshold: 21.00 MB
Current GC threshold: 21.00 MB
CDS: on
 - commit_granule_bytes: 65536.
 - commit_granule_words: 8192.
 - virtual_space_node_default_size: 8388608.
 - enlarge_chunks_in_place: 1.
 - use_allocation_guard: 0.


Internal statistics:

num_allocs_failed_limit: 3.
num_arena_births: 406.
num_arena_deaths: 0.
num_vsnodes_births: 2.
num_vsnodes_deaths: 0.
num_space_committed: 336.
num_space_uncommitted: 0.
num_chunks_returned_to_freelist: 3.
num_chunks_taken_from_freelist: 1019.
num_chunk_merges: 3.
num_chunk_splits: 722.
num_chunks_enlarged: 524.
num_inconsistent_stats: 0.

CodeCache: size=49152Kb used=7217Kb max_used=7217Kb free=41934Kb
 bounds [0x000002c594a50000, 0x000002c595160000, 0x000002c597a50000]
 total_blobs=3642 nmethods=3116 adapters=448
 compilation: enabled
              stopped_count=0, restarted_count=0
 full_count=0

Compilation events (20 events):
Event: 2.612 Thread 0x000002c5e4669fc0 3107       1       org.springframework.boot.autoconfigure.condition.FilteringSpringBootCondition$ClassNameFilter$2::matches (14 bytes)
Event: 2.613 Thread 0x000002c5e4669fc0 nmethod 3107 0x000002c595158a10 code [0x000002c595158c00, 0x000002c595158e48]
Event: 2.614 Thread 0x000002c5e4669fc0 3108       1       java.util.Collections::unmodifiableSet (22 bytes)
Event: 2.614 Thread 0x000002c59eca53e0 3109       1       java.util.Collections$UnmodifiableSet::<init> (6 bytes)
Event: 2.614 Thread 0x000002c59ec67860 3110       1       java.lang.ThreadLocal::get (8 bytes)
Event: 2.614 Thread 0x000002c59eca53e0 nmethod 3109 0x000002c595159090 code [0x000002c595159240, 0x000002c595159400]
Event: 2.614 Thread 0x000002c5e4669fc0 nmethod 3108 0x000002c595159490 code [0x000002c595159660, 0x000002c5951598e8]
Event: 2.614 Thread 0x000002c59eca53e0 3111       1       org.springframework.boot.autoconfigure.condition.FilteringSpringBootCondition::filter (82 bytes)
Event: 2.614 Thread 0x000002c59ec67860 nmethod 3110 0x000002c595159a10 code [0x000002c595159be0, 0x000002c595159d98]
Event: 2.614 Thread 0x000002c59eca53e0 nmethod 3111 0x000002c595159e90 code [0x000002c59515a0c0, 0x000002c59515a5d8]
Event: 2.615 Thread 0x000002c59ec67860 3112       1       org.springframework.context.support.GenericApplicationContext::getClassLoader (29 bytes)
Event: 2.615 Thread 0x000002c5e4669fc0 3113       1       org.springframework.core.io.support.PathMatchingResourcePatternResolver::getClassLoader (10 bytes)
Event: 2.615 Thread 0x000002c5e4669fc0 nmethod 3113 0x000002c59515a910 code [0x000002c59515aac0, 0x000002c59515abb8]
Event: 2.615 Thread 0x000002c59ec67860 nmethod 3112 0x000002c59515ac90 code [0x000002c59515ae40, 0x000002c59515afb0]
Event: 2.616 Thread 0x000002c59ec67860 3114       1       org.springframework.boot.devtools.restart.ClassLoaderFilesResourcePatternResolver::getClassLoader (10 bytes)
Event: 2.616 Thread 0x000002c59ec67860 nmethod 3114 0x000002c59515b090 code [0x000002c59515b240, 0x000002c59515b338]
Event: 2.617 Thread 0x000002c5e4669fc0 3115   !   1       sun.net.www.protocol.jar.JarURLConnection::connect (196 bytes)
Event: 2.618 Thread 0x000002c5e4669fc0 nmethod 3115 0x000002c59515b410 code [0x000002c59515b6c0, 0x000002c59515be50]
Event: 2.622 Thread 0x000002c5e4669fc0 3116       1       java.util.zip.ZipFile$ZipFileInputStream::size (5 bytes)
Event: 2.622 Thread 0x000002c5e4669fc0 nmethod 3116 0x000002c59515c190 code [0x000002c59515c320, 0x000002c59515c3e8]

GC Heap History (7 events):
Event: 0.739 GC heap before
{Heap before GC invocations=0 (full 0):
 garbage-first heap   total 262144K, used 12288K [0x0000000701e00000, 0x0000000800000000)
  region size 2048K, 6 young (12288K), 0 survivors (0K)
 Metaspace       used 3239K, committed 3392K, reserved 1114112K
  class space    used 366K, committed 448K, reserved 1048576K
}
Event: 0.744 GC heap after
{Heap after GC invocations=1 (full 0):
 garbage-first heap   total 262144K, used 6304K [0x0000000701e00000, 0x0000000800000000)
  region size 2048K, 1 young (2048K), 1 survivors (2048K)
 Metaspace       used 3239K, committed 3392K, reserved 1114112K
  class space    used 366K, committed 448K, reserved 1048576K
}
Event: 1.096 GC heap before
{Heap before GC invocations=1 (full 0):
 garbage-first heap   total 262144K, used 16544K [0x0000000701e00000, 0x0000000800000000)
  region size 2048K, 6 young (12288K), 1 survivors (2048K)
 Metaspace       used 7234K, committed 7488K, reserved 1114112K
  class space    used 872K, committed 1024K, reserved 1048576K
}
Event: 1.101 GC heap after
{Heap after GC invocations=2 (full 0):
 garbage-first heap   total 262144K, used 8125K [0x0000000701e00000, 0x0000000800000000)
  region size 2048K, 1 young (2048K), 1 survivors (2048K)
 Metaspace       used 7234K, committed 7488K, reserved 1114112K
  class space    used 872K, committed 1024K, reserved 1048576K
}
Event: 1.752 GC heap before
{Heap before GC invocations=2 (full 0):
 garbage-first heap   total 262144K, used 32701K [0x0000000701e00000, 0x0000000800000000)
  region size 2048K, 14 young (28672K), 1 survivors (2048K)
 Metaspace       used 12312K, committed 12736K, reserved 1114112K
  class space    used 1651K, committed 1856K, reserved 1048576K
}
Event: 1.757 GC heap after
{Heap after GC invocations=3 (full 0):
 garbage-first heap   total 262144K, used 10056K [0x0000000701e00000, 0x0000000800000000)
  region size 2048K, 2 young (4096K), 2 survivors (4096K)
 Metaspace       used 12312K, committed 12736K, reserved 1114112K
  class space    used 1651K, committed 1856K, reserved 1048576K
}
Event: 2.629 GC heap before
{Heap before GC invocations=3 (full 0):
 garbage-first heap   total 262144K, used 59208K [0x0000000701e00000, 0x0000000800000000)
  region size 2048K, 27 young (55296K), 2 survivors (4096K)
 Metaspace       used 21155K, committed 21504K, reserved 1114112K
  class space    used 2774K, committed 2944K, reserved 1048576K
}

Dll operation events (12 events):
Event: 0.115 Loaded shared library C:\Program Files\Java\jdk-21\bin\java.dll
Event: 0.393 Loaded shared library C:\Program Files\Java\jdk-21\bin\zip.dll
Event: 0.397 Loaded shared library C:\Program Files\Java\jdk-21\bin\instrument.dll
Event: 0.403 Loaded shared library C:\Program Files\Java\jdk-21\bin\net.dll
Event: 0.405 Loaded shared library C:\Program Files\Java\jdk-21\bin\nio.dll
Event: 0.409 Loaded shared library C:\Program Files\Java\jdk-21\bin\zip.dll
Event: 0.552 Loaded shared library C:\Program Files\JetBrains\IntelliJ IDEA 2023.3.6\bin\breakgen64.dll
Event: 0.559 Loaded shared library C:\Program Files\Java\jdk-21\bin\jimage.dll
Event: 0.565 Loaded shared library C:\Program Files\Java\jdk-21\bin\extnet.dll
Event: 0.588 Loaded shared library C:\Program Files\Java\jdk-21\bin\management.dll
Event: 0.602 Loaded shared library C:\Program Files\Java\jdk-21\bin\management_ext.dll
Event: 2.144 Loaded shared library C:\Program Files\Java\jdk-21\bin\sunmscapi.dll

Deoptimization events (0 events):
No events

Classes loaded (20 events):
Event: 2.147 Loading class java/security/AuthProvider
Event: 2.147 Loading class java/security/AuthProvider done
Event: 2.148 Loading class javax/security/auth/login/FailedLoginException
Event: 2.148 Loading class javax/security/auth/login/FailedLoginException done
Event: 2.148 Loading class javax/security/auth/callback/CallbackHandler
Event: 2.148 Loading class javax/security/auth/callback/CallbackHandler done
Event: 2.154 Loading class com/sun/security/sasl/Provider
Event: 2.154 Loading class com/sun/security/sasl/Provider done
Event: 2.154 Loading class com/sun/security/sasl/Provider$1
Event: 2.154 Loading class com/sun/security/sasl/Provider$1 done
Event: 2.154 Loading class com/sun/security/sasl/Provider$ProviderService
Event: 2.154 Loading class com/sun/security/sasl/Provider$ProviderService done
Event: 2.155 Loading class sun/security/provider/certpath/ldap/JdkLDAP
Event: 2.155 Loading class sun/security/provider/certpath/ldap/JdkLDAP done
Event: 2.155 Loading class sun/security/provider/certpath/ldap/JdkLDAP$ProviderService
Event: 2.155 Loading class sun/security/provider/certpath/ldap/JdkLDAP$ProviderService done
Event: 2.347 Loading class javax/naming/ldap/LdapContext
Event: 2.347 Loading class javax/naming/directory/DirContext
Event: 2.348 Loading class javax/naming/directory/DirContext done
Event: 2.348 Loading class javax/naming/ldap/LdapContext done

Classes unloaded (0 events):
No events

Classes redefined (0 events):
No events

Internal exceptions (20 events):
Event: 1.603 Thread 0x000002c5e4bd3f60 Exception <a 'java/lang/NoSuchMethodError'{0x0000000710979680}: 'java.lang.Object java.lang.invoke.DirectMethodHandle$Holder.newInvokeSpecial(java.lang.Object, int, java.lang.Object)'> (0x0000000710979680) 
thrown [s\open\src\hotspot\share\interpreter\linkResolver.cpp, line 773]
Event: 1.604 Thread 0x000002c5e4bd3f60 Exception <a 'java/lang/NoSuchMethodError'{0x000000071097d330}: 'int java.lang.invoke.DirectMethodHandle$Holder.invokeSpecialIFC(java.lang.Object, java.lang.Object, java.lang.Object, java.lang.Object)'> (0x000000071097d330) 
thrown [s\open\src\hotspot\share\interpreter\linkResolver.cpp, line 773]
Event: 1.627 Thread 0x000002c5e4bd3f60 Exception <a 'java/lang/NoSuchMethodError'{0x000000071067b1d8}: 'void java.lang.invoke.DirectMethodHandle$Holder.invokeInterface(java.lang.Object, java.lang.Object, java.lang.Object)'> (0x000000071067b1d8) 
thrown [s\open\src\hotspot\share\interpreter\linkResolver.cpp, line 773]
Event: 1.648 Thread 0x000002c5e4bd3f60 Exception <a 'java/lang/NoSuchMethodError'{0x00000007107281e0}: 'java.lang.Object java.lang.invoke.DirectMethodHandle$Holder.invokeVirtual(java.lang.Object, java.lang.Object, java.lang.Object)'> (0x00000007107281e0) 
thrown [s\open\src\hotspot\share\interpreter\linkResolver.cpp, line 773]
Event: 1.670 Thread 0x000002c5e4bd3f60 Exception <a 'java/lang/NoSuchMethodError'{0x0000000710405440}: 'void java.lang.invoke.DirectMethodHandle$Holder.invokeStatic(java.lang.Object, java.lang.Object, int)'> (0x0000000710405440) 
thrown [s\open\src\hotspot\share\interpreter\linkResolver.cpp, line 773]
Event: 1.673 Thread 0x000002c5e4bd3f60 Exception <a 'java/lang/NoSuchMethodError'{0x000000071041bb78}: 'void java.lang.invoke.DirectMethodHandle$Holder.invokeStaticInit(java.lang.Object, java.lang.Object, java.lang.Object)'> (0x000000071041bb78) 
thrown [s\open\src\hotspot\share\interpreter\linkResolver.cpp, line 773]
Event: 1.679 Thread 0x000002c5e4bd3f60 Exception <a 'java/lang/NoSuchMethodError'{0x000000071046a3a8}: 'java.lang.Object java.lang.invoke.DirectMethodHandle$Holder.invokeStatic(java.lang.Object, long, java.lang.Object)'> (0x000000071046a3a8) 
thrown [s\open\src\hotspot\share\interpreter\linkResolver.cpp, line 773]
Event: 1.679 Thread 0x000002c5e4bd3f60 Exception <a 'java/lang/NoSuchMethodError'{0x000000071046da00}: 'java.lang.Object java.lang.invoke.DirectMethodHandle$Holder.invokeStaticInit(java.lang.Object, long, java.lang.Object)'> (0x000000071046da00) 
thrown [s\open\src\hotspot\share\interpreter\linkResolver.cpp, line 773]
Event: 1.679 Thread 0x000002c5e4bd3f60 Exception <a 'java/lang/NoSuchMethodError'{0x0000000710473168}: 'java.lang.Object java.lang.invoke.DirectMethodHandle$Holder.newInvokeSpecial(java.lang.Object, long)'> (0x0000000710473168) 
thrown [s\open\src\hotspot\share\interpreter\linkResolver.cpp, line 773]
Event: 1.693 Thread 0x000002c5e4bd3f60 Exception <a 'java/lang/NoSuchMethodError'{0x00000007104d6620}: 'void java.lang.invoke.DirectMethodHandle$Holder.invokeVirtual(java.lang.Object, java.lang.Object, java.lang.Object, java.lang.Object)'> (0x00000007104d6620) 
thrown [s\open\src\hotspot\share\interpreter\linkResolver.cpp, line 773]
Event: 1.734 Thread 0x000002c5e5190130 Exception <a 'java/lang/NoClassDefFoundError'{0x000000071025d730}: jakarta/validation/Validation> (0x000000071025d730) 
thrown [s\open\src\hotspot\share\classfile\systemDictionary.cpp, line 301]
Event: 1.735 Thread 0x000002c5e4bd3f60 Exception <a 'java/lang/IncompatibleClassChangeError'{0x0000000710244cd0}: Found class java.lang.Object, but interface was expected> (0x0000000710244cd0) 
thrown [s\open\src\hotspot\share\interpreter\linkResolver.cpp, line 840]
Event: 2.014 Thread 0x000002c5e4bd3f60 Exception <a 'java/lang/NoSuchMethodError'{0x00000007109eb1d0}: 'int java.lang.invoke.DirectMethodHandle$Holder.invokeSpecial(java.lang.Object, java.lang.Object, java.lang.Object, java.lang.Object, java.lang.Object)'> (0x00000007109eb1d0) 
thrown [s\open\src\hotspot\share\interpreter\linkResolver.cpp, line 773]
Event: 2.016 Thread 0x000002c5e4bd3f60 Exception <a 'java/lang/NoSuchMethodError'{0x00000007109f30e8}: 'void java.lang.invoke.DirectMethodHandle$Holder.invokeVirtual(java.lang.Object, java.lang.Object)'> (0x00000007109f30e8) 
thrown [s\open\src\hotspot\share\interpreter\linkResolver.cpp, line 773]
Event: 2.078 Thread 0x000002c5e5190130 Exception <a 'java/lang/NoSuchMethodError'{0x0000000710317430}: 'long java.lang.invoke.DirectMethodHandle$Holder.invokeStatic(java.lang.Object, java.lang.Object)'> (0x0000000710317430) 
thrown [s\open\src\hotspot\share\interpreter\linkResolver.cpp, line 773]
Event: 2.078 Thread 0x000002c5e5190130 Exception <a 'java/lang/NoSuchMethodError'{0x000000071031a4e8}: 'long java.lang.invoke.DirectMethodHandle$Holder.invokeStaticInit(java.lang.Object, java.lang.Object)'> (0x000000071031a4e8) 
thrown [s\open\src\hotspot\share\interpreter\linkResolver.cpp, line 773]
Event: 2.080 Thread 0x000002c5e5190130 Exception <a 'java/lang/NoSuchMethodError'{0x0000000710326398}: 'long java.lang.invoke.DirectMethodHandle$Holder.invokeInterface(java.lang.Object, java.lang.Object)'> (0x0000000710326398) 
thrown [s\open\src\hotspot\share\interpreter\linkResolver.cpp, line 773]
Event: 2.080 Thread 0x000002c5e5190130 Exception <a 'java/lang/IncompatibleClassChangeError'{0x0000000710329398}: Found class java.lang.Object, but interface was expected> (0x0000000710329398) 
thrown [s\open\src\hotspot\share\interpreter\linkResolver.cpp, line 840]
Event: 2.084 Thread 0x000002c5e5190130 Exception <a 'java/lang/NoSuchMethodError'{0x00000007103712e8}: 'java.lang.Object java.lang.invoke.DirectMethodHandle$Holder.invokeVirtual(java.lang.Object, java.lang.Object, java.lang.Object, java.lang.Object)'> (0x00000007103712e8) 
thrown [s\open\src\hotspot\share\interpreter\linkResolver.cpp, line 773]
Event: 2.403 Thread 0x000002c5e4bd3f60 Exception <a 'java/lang/IncompatibleClassChangeError'{0x000000070f1dc3c0}: Found class java.lang.Object, but interface was expected> (0x000000070f1dc3c0) 
thrown [s\open\src\hotspot\share\interpreter\linkResolver.cpp, line 840]

ZGC Phase Switch (0 events):
No events

VM Operations (20 events):
Event: 1.361 Executing VM operation: HandshakeAllThreads (Deoptimize) done
Event: 1.582 Executing VM operation: HandshakeAllThreads (Deoptimize)
Event: 1.582 Executing VM operation: HandshakeAllThreads (Deoptimize) done
Event: 1.645 Executing VM operation: ICBufferFull
Event: 1.646 Executing VM operation: ICBufferFull done
Event: 1.721 Executing VM operation: HandshakeAllThreads (Deoptimize)
Event: 1.722 Executing VM operation: HandshakeAllThreads (Deoptimize) done
Event: 1.726 Executing VM operation: HandshakeAllThreads (Deoptimize)
Event: 1.726 Executing VM operation: HandshakeAllThreads (Deoptimize) done
Event: 1.752 Executing VM operation: G1CollectForAllocation (G1 Evacuation Pause)
Event: 1.757 Executing VM operation: G1CollectForAllocation (G1 Evacuation Pause) done
Event: 1.936 Executing VM operation: HandshakeAllThreads (Deoptimize)
Event: 1.936 Executing VM operation: HandshakeAllThreads (Deoptimize) done
Event: 1.993 Executing VM operation: HandshakeAllThreads (Deoptimize)
Event: 1.993 Executing VM operation: HandshakeAllThreads (Deoptimize) done
Event: 2.121 Executing VM operation: HandshakeAllThreads (Deoptimize)
Event: 2.121 Executing VM operation: HandshakeAllThreads (Deoptimize) done
Event: 2.283 Executing VM operation: ICBufferFull
Event: 2.283 Executing VM operation: ICBufferFull done
Event: 2.629 Executing VM operation: CollectForMetadataAllocation (Metadata GC Threshold)

Events (20 events):
Event: 0.363 Thread 0x000002c59ec66f90 Thread added: 0x000002c59ec66f90
Event: 0.374 Thread 0x000002c59ec67860 Thread added: 0x000002c59ec67860
Event: 0.553 Thread 0x000002c5e457ac10 Thread added: 0x000002c5e457ac10
Event: 0.553 Thread 0x000002c5e457c290 Thread added: 0x000002c5e457c290
Event: 0.738 Thread 0x000002c5e4669fc0 Thread added: 0x000002c5e4669fc0
Event: 0.896 Thread 0x000002c5e47a2a70 Thread added: 0x000002c5e47a2a70
Event: 1.049 Thread 0x000002c5e4878970 Thread added: 0x000002c5e4878970
Event: 1.073 Thread 0x000002c5e48b2db0 Thread added: 0x000002c5e48b2db0
Event: 1.082 Thread 0x000002c5e48d93e0 Thread added: 0x000002c5e48d93e0
Event: 1.113 Thread 0x000002c5e48d93e0 Thread exited: 0x000002c5e48d93e0
Event: 1.289 Thread 0x000002c5e4b6c060 Thread added: 0x000002c5e4b6c060
Event: 1.292 Thread 0x000002c5e4bd3f60 Thread added: 0x000002c5e4bd3f60
Event: 1.616 Thread 0x000002c5e514c160 Thread added: 0x000002c5e514c160
Event: 1.622 Thread 0x000002c5e514c160 Thread exited: 0x000002c5e514c160
Event: 1.732 Thread 0x000002c5e5190130 Thread added: 0x000002c5e5190130
Event: 2.129 Thread 0x000002c5e55b9360 Thread added: 0x000002c5e55b9360
Event: 2.135 Thread 0x000002c5e55b9360 Thread exited: 0x000002c5e55b9360
Event: 2.158 Thread 0x000002c5e5190130 Thread exited: 0x000002c5e5190130
Event: 2.305 Thread 0x000002c5e55ba710 Thread added: 0x000002c5e55ba710
Event: 2.387 Thread 0x000002c5e55ba710 Thread exited: 0x000002c5e55ba710


Dynamic libraries:
0x00007ff7e1f70000 - 0x00007ff7e1f80000 	C:\Program Files\Java\jdk-21\bin\java.exe
0x00007ffdc4f70000 - 0x00007ffdc5168000 	C:\Windows\SYSTEM32\ntdll.dll
0x00007ffdc41e0000 - 0x00007ffdc42a2000 	C:\Windows\System32\KERNEL32.DLL
0x00007ffdc2a40000 - 0x00007ffdc2d3e000 	C:\Windows\System32\KERNELBASE.dll
0x00007ffdc2660000 - 0x00007ffdc2760000 	C:\Windows\System32\ucrtbase.dll
0x00007ffdb92c0000 - 0x00007ffdb92db000 	C:\Program Files\Java\jdk-21\bin\VCRUNTIME140.dll
0x00007ffdb92a0000 - 0x00007ffdb92b9000 	C:\Program Files\Java\jdk-21\bin\jli.dll
0x00007ffdc31e0000 - 0x00007ffdc3291000 	C:\Windows\System32\ADVAPI32.dll
0x00007ffdc4e00000 - 0x00007ffdc4e9e000 	C:\Windows\System32\msvcrt.dll
0x00007ffdc3f30000 - 0x00007ffdc3fcf000 	C:\Windows\System32\sechost.dll
0x00007ffdc4b00000 - 0x00007ffdc4c23000 	C:\Windows\System32\RPCRT4.dll
0x00007ffdc28c0000 - 0x00007ffdc28e7000 	C:\Windows\System32\bcrypt.dll
0x00007ffdc44f0000 - 0x00007ffdc468d000 	C:\Windows\System32\USER32.dll
0x00007ffdc2e60000 - 0x00007ffdc2e82000 	C:\Windows\System32\win32u.dll
0x00007ffdc31b0000 - 0x00007ffdc31db000 	C:\Windows\System32\GDI32.dll
0x00007ffdc2d40000 - 0x00007ffdc2e57000 	C:\Windows\System32\gdi32full.dll
0x00007ffdc28f0000 - 0x00007ffdc298d000 	C:\Windows\System32\msvcp_win.dll
0x00007ffdb02f0000 - 0x00007ffdb058a000 	C:\Windows\WinSxS\amd64_microsoft.windows.common-controls_6595b64144ccf1df_6.0.19041.4355_none_60b8b9eb71f62e16\COMCTL32.dll
0x00007ffdb94c0000 - 0x00007ffdb94ca000 	C:\Windows\SYSTEM32\VERSION.dll
0x00007ffdc4f00000 - 0x00007ffdc4f2f000 	C:\Windows\System32\IMM32.DLL
0x00007ffdb48d0000 - 0x00007ffdb48dc000 	C:\Program Files\Java\jdk-21\bin\vcruntime140_1.dll
0x00007ffd97560000 - 0x00007ffd975ee000 	C:\Program Files\Java\jdk-21\bin\msvcp140.dll
0x00007ffd5de30000 - 0x00007ffd5eb47000 	C:\Program Files\Java\jdk-21\bin\server\jvm.dll
0x00007ffdc4030000 - 0x00007ffdc409b000 	C:\Windows\System32\WS2_32.dll
0x00007ffdc2470000 - 0x00007ffdc24bb000 	C:\Windows\SYSTEM32\POWRPROF.dll
0x00007ffdb0060000 - 0x00007ffdb0087000 	C:\Windows\SYSTEM32\WINMM.dll
0x00007ffdc2450000 - 0x00007ffdc2462000 	C:\Windows\SYSTEM32\UMPDC.dll
0x00007ffdc0490000 - 0x00007ffdc04a2000 	C:\Windows\SYSTEM32\kernel.appcore.dll
0x00007ffdb4850000 - 0x00007ffdb485a000 	C:\Program Files\Java\jdk-21\bin\jimage.dll
0x00007ffdbf890000 - 0x00007ffdbfa74000 	C:\Windows\SYSTEM32\DBGHELP.DLL
0x00007ffd9e1e0000 - 0x00007ffd9e214000 	C:\Windows\SYSTEM32\dbgcore.DLL
0x00007ffdc2f00000 - 0x00007ffdc2f82000 	C:\Windows\System32\bcryptPrimitives.dll
0x00007ffdbf510000 - 0x00007ffdbf51f000 	C:\Program Files\Java\jdk-21\bin\instrument.dll
0x00007ffdb4340000 - 0x00007ffdb435f000 	C:\Program Files\Java\jdk-21\bin\java.dll
0x00007ffdc3710000 - 0x00007ffdc3e7d000 	C:\Windows\System32\SHELL32.dll
0x00007ffdc0690000 - 0x00007ffdc0e34000 	C:\Windows\SYSTEM32\windows.storage.dll
0x00007ffdc46f0000 - 0x00007ffdc4a43000 	C:\Windows\System32\combase.dll
0x00007ffdc1fd0000 - 0x00007ffdc1ffe000 	C:\Windows\SYSTEM32\Wldp.dll
0x00007ffdc2fa0000 - 0x00007ffdc306d000 	C:\Windows\System32\OLEAUT32.dll
0x00007ffdc4a50000 - 0x00007ffdc4afd000 	C:\Windows\System32\SHCORE.dll
0x00007ffdc4ea0000 - 0x00007ffdc4ef5000 	C:\Windows\System32\shlwapi.dll
0x00007ffdc2540000 - 0x00007ffdc2564000 	C:\Windows\SYSTEM32\profapi.dll
0x00007ffda2d90000 - 0x00007ffda2da8000 	C:\Program Files\Java\jdk-21\bin\zip.dll
0x00007ffdb4840000 - 0x00007ffdb4850000 	C:\Program Files\Java\jdk-21\bin\net.dll
0x00007ffdb7020000 - 0x00007ffdb712d000 	C:\Windows\SYSTEM32\WINHTTP.dll
0x00007ffdc1d30000 - 0x00007ffdc1d9a000 	C:\Windows\system32\mswsock.dll
0x00007ffdb4320000 - 0x00007ffdb4336000 	C:\Program Files\Java\jdk-21\bin\nio.dll
0x00007ffdbf4d0000 - 0x00007ffdbf4ea000 	C:\Program Files\JetBrains\IntelliJ IDEA 2023.3.6\bin\breakgen64.dll
0x00007ffdacca0000 - 0x00007ffdacca9000 	C:\Program Files\Java\jdk-21\bin\extnet.dll
0x00007ffdc19f0000 - 0x00007ffdc1aba000 	C:\Windows\SYSTEM32\DNSAPI.dll
0x00007ffdc19b0000 - 0x00007ffdc19eb000 	C:\Windows\SYSTEM32\IPHLPAPI.DLL
0x00007ffdc4cb0000 - 0x00007ffdc4cb8000 	C:\Windows\System32\NSI.dll
0x00007ffdaffc0000 - 0x00007ffdaffca000 	C:\Windows\System32\rasadhlp.dll
0x00007ffdaffe0000 - 0x00007ffdb0060000 	C:\Windows\System32\fwpuclnt.dll
0x00007ffdb98e0000 - 0x00007ffdb98ea000 	C:\Program Files\Java\jdk-21\bin\management.dll
0x00007ffdb95f0000 - 0x00007ffdb95fb000 	C:\Program Files\Java\jdk-21\bin\management_ext.dll
0x00007ffdc2f90000 - 0x00007ffdc2f98000 	C:\Windows\System32\PSAPI.DLL
0x00007ffdc1f30000 - 0x00007ffdc1f48000 	C:\Windows\SYSTEM32\CRYPTSP.dll
0x00007ffdc15f0000 - 0x00007ffdc1624000 	C:\Windows\system32\rsaenh.dll
0x00007ffdc24c0000 - 0x00007ffdc24ee000 	C:\Windows\SYSTEM32\USERENV.dll
0x00007ffdc1f20000 - 0x00007ffdc1f2c000 	C:\Windows\SYSTEM32\CRYPTBASE.dll
0x00007ffd9c0b0000 - 0x00007ffd9c0c7000 	C:\Windows\system32\napinsp.dll
0x00007ffd9c090000 - 0x00007ffd9c0ab000 	C:\Windows\system32\pnrpnsp.dll
0x00007ffd9b300000 - 0x00007ffd9b315000 	C:\Windows\system32\wshbth.dll
0x00007ffdbb2d0000 - 0x00007ffdbb2ed000 	C:\Windows\system32\NLAapi.dll
0x00007ffd9b2e0000 - 0x00007ffd9b2f2000 	C:\Windows\System32\winrnr.dll
0x00007ffdb95e0000 - 0x00007ffdb95ee000 	C:\Program Files\Java\jdk-21\bin\sunmscapi.dll
0x00007ffdc2760000 - 0x00007ffdc28bc000 	C:\Windows\System32\CRYPT32.dll
0x00007ffdc2040000 - 0x00007ffdc2067000 	C:\Windows\SYSTEM32\ncrypt.dll
0x00007ffdc2000000 - 0x00007ffdc203b000 	C:\Windows\SYSTEM32\NTASN1.dll

dbghelp: loaded successfully - version: 4.0.5 - missing functions: none
symbol engine: initialized successfully - sym options: 0x614 - pdb path: .;C:\Program Files\Java\jdk-21\bin;C:\Windows\SYSTEM32;C:\Windows\WinSxS\amd64_microsoft.windows.common-controls_6595b64144ccf1df_6.0.19041.4355_none_60b8b9eb71f62e16;C:\Program Files\Java\jdk-21\bin\server;C:\Program Files\JetBrains\IntelliJ IDEA 2023.3.6\bin

VM Arguments:
jvm_args: -XX:TieredStopAtLevel=1 -Dspring.output.ansi.enabled=always -Dcom.sun.management.jmxremote -Dspring.jmx.enabled=true -Dspring.liveBeansView.mbeanDomain -Dspring.application.admin.enabled=true -Dmanagement.endpoints.jmx.exposure.include=* -javaagent:C:\Program Files\JetBrains\IntelliJ IDEA 2023.3.6\lib\idea_rt.jar=51545:C:\Program Files\JetBrains\IntelliJ IDEA 2023.3.6\bin -Dfile.encoding=UTF-8 -Dsun.stdout.encoding=UTF-8 -Dsun.stderr.encoding=UTF-8 
java_command: fit.iuh.modish_motion.ModishMotionApplication
java_class_path (initial): E:\2024-2025\WWW\Modish Motion\modish-motion\target\classes;C:\Users\Admin\.m2\repository\org\springframework\boot\spring-boot-starter-thymeleaf\3.3.4\spring-boot-starter-thymeleaf-3.3.4.jar;C:\Users\Admin\.m2\repository\org\springframework\boot\spring-boot-starter\3.3.4\spring-boot-starter-3.3.4.jar;C:\Users\Admin\.m2\repository\org\springframework\boot\spring-boot-starter-logging\3.3.4\spring-boot-starter-logging-3.3.4.jar;C:\Users\Admin\.m2\repository\ch\qos\logback\logback-classic\1.5.8\logback-classic-1.5.8.jar;C:\Users\Admin\.m2\repository\ch\qos\logback\logback-core\1.5.8\logback-core-1.5.8.jar;C:\Users\Admin\.m2\repository\org\apache\logging\log4j\log4j-to-slf4j\2.23.1\log4j-to-slf4j-2.23.1.jar;C:\Users\Admin\.m2\repository\org\apache\logging\log4j\log4j-api\2.23.1\log4j-api-2.23.1.jar;C:\Users\Admin\.m2\repository\org\slf4j\jul-to-slf4j\2.0.16\jul-to-slf4j-2.0.16.jar;C:\Users\Admin\.m2\repository\jakarta\annotation\jakarta.annotation-api\2.1.1\jakarta.annotation-api-2.1.1.jar;C:\Users\Admin\.m2\repository\org\yaml\snakeyaml\2.2\snakeyaml-2.2.jar;C:\Users\Admin\.m2\repository\org\thymeleaf\thymeleaf-spring6\3.1.2.RELEASE\thymeleaf-spring6-3.1.2.RELEASE.jar;C:\Users\Admin\.m2\repository\org\thymeleaf\thymeleaf\3.1.2.RELEASE\thymeleaf-3.1.2.RELEASE.jar;C:\Users\Admin\.m2\repository\org\attoparser\attoparser\2.0.7.RELEASE\attoparser-2.0.7.RELEASE.jar;C:\Users\Admin\.m2\repository\org\unbescape\unbescape\1.1.6.RELEASE\unbescape-1.1.6.RELEASE.jar;C:\Users\Admin\.m2\repository\org\springframework\boot\spring-boot-starter-web\3.3.4\spring-boot-starter-web-3.3.4.jar;C:\Users\Admin\.m2\repository\org\springframework\boot\spring-boot-starter-json\3.3.4\spring-boot-starter-json-3.3.4.jar;C:\Users\Admin\.m2\repository\com\fasterxml\jackson\core\jackson-databind\2.17.2\jackson-databind-2.17.2.jar;C:\Users\Admin\.m2\repository\com\fasterxml\jackson\core\jackson-annotations\2.17.2\jackson-annotations-2.17.2.jar;C:\Users\Admin\.m2\repository\com\fasterxml\jackson\core\jackson-core\2.17.2\jackson-core-2.17.2.jar;C:\Users\Admin\.m2\repository\com\fasterxml\jackson\datatype\jackson-datatype-jdk8\2.17.2\jackson-datatype-jdk8-2.17.2.jar;C:\Users\Admin\.m2\repository\com\fasterxml\jackson\datatype\jackson-datatype-jsr310\2.17.2\jackson-datatype-jsr310-2.17.2.jar;C:\Users\Admin\.m2\repository\com\fasterxml\jackson\module\jackson-module-parameter-names\2.17.2\jackson-module-parameter-names-2.17.2.jar;C:\Users\Admin\.m2\repository\org\springframework\boot\spring-boot-starter-tomcat\3.3.4\spring-boot-starter-tomcat-3.3.4.jar;C:\Users\Admin\.m2\repository\org\apache\tomcat\embed\tomcat-embed-core\10.1.30\tomcat-embed-core-10.1.30.jar;C:\Users\Admin\.m2\repository\org\apache\tomcat\embed\tomcat-embed-el\10.1.30\tomcat-embed-el-10.1.30.jar;C:\Users\Admin\.m2\repository\org\apache\tomcat\embed\tomcat-embed-websocket\10.1.30\tomcat-embed-websocket-10.1.30.jar;C:\Users\Admin\.m2\repository\org\springframework\spring-web\6.1.13\spring-web-6.1.13.jar;C:\Users\Admin\.m2\repository\org\springframework\spring-beans\6.1.13\spring-beans-6.1.13.jar;C:\Users\Admin\.m2\repository\io\micrometer\micrometer-observation\1.13.4\micrometer-observation-1.13.4.jar;C:\Users\Admin\.m2\repository\io\micrometer\micrometer-commons\1.13.4\micrometer-commons-1.13.4.jar;C:\Users\Admin\.m2\repository\org\springframework\spring-webmvc\6.1.13\spring-webmvc-6.1.13.jar;C:\Users\Admin\.m2\repository\org\springframework\spring-context\6.1.13\spring-context-6.1.13.jar;C:\Users\Admin\.m2\repository\org\springframework\spring-expression\6.1.13\spring-expression-6.1.13.jar;C:\Users\Admin\.m2\repository\org\springframework\boot\spring-boot-devtools\3.3.4\spring-boot-devtools-3.3.4.jar;C:\Users\Admin\.m2\repository\org\springframework\boot\spring-boot\3.3.4\spring-boot-3.3.4.jar;C:\Users\Admin\.m2\repository\org\springframework\boot\spring-boot-autoconfigure\3.3.4\spring-boot-autoconfigure-3.3.4.jar;C:\Users\Admin\.m2\repository\org\projectlombok\lombok\1.18.34\lombok-1.18.34.jar;C:\Users\Admin\.m2\repository\jakarta\xml\bind\jakarta.xml.bind-api\4.0.2\jakarta.xml.bind-api-4.0.2.jar;C:\Users\Admin\.m2\repository\jakarta\activation\jakarta.activation-api\2.1.3\jakarta.activation-api-2.1.3.jar;C:\Users\Admin\.m2\repository\net\bytebuddy\byte-buddy\1.14.19\byte-buddy-1.14.19.jar;C:\Users\Admin\.m2\repository\org\springframework\spring-core\6.1.13\spring-core-6.1.13.jar;C:\Users\Admin\.m2\repository\org\springframework\spring-jcl\6.1.13\spring-jcl-6.1.13.jar;C:\Users\Admin\.m2\repository\org\mariadb\jdbc\mariadb-java-client\3.3.3\mariadb-java-client-3.3.3.jar;C:\Users\Admin\.m2\repository\com\github\waffle\waffle-jna\3.3.0\waffle-jna-3.3.0.jar;C:\Users\Admin\.m2\repository\net\java\dev\jna\jna\5.13.0\jna-5.13.0.jar;C:\Users\Admin\.m2\repository\net\java\dev\jna\jna-platform\5.13.0\jna-platform-5.13.0.jar;C:\Users\Admin\.m2\repository\org\slf4j\jcl-over-slf4j\2.0.16\jcl-over-slf4j-2.0.16.jar;C:\Users\Admin\.m2\repository\com\github\ben-manes\caffeine\caffeine\3.1.8\caffeine-3.1.8.jar;C:\Users\Admin\.m2\repository\com\google\errorprone\error_prone_annotations\2.21.1\error_prone_annotations-2.21.1.jar;C:\Users\Admin\.m2\repository\org\checkerframework\checker-qual\3.32.0\checker-qual-3.32.0.jar;C:\Users\Admin\.m2\repository\org\springframework\boot\spring-boot-starter-security\3.3.4\spring-boot-starter-security-3.3.4.jar;C:\Users\Admin\.m2\repository\org\springframework\spring-aop\6.1.13\spring-aop-6.1.13.jar;C:\Users\Admin\.m2\repository\org\springframework\security\spring-security-config\6.3.3\spring-security-config-6.3.3.jar;C:\Users\Admin\.m2\repository\org\springframework\security\spring-security-web\6.3.3\spring-security-web-6.3.3.jar;C:\Users\Admin\.m2\repository\org\springframework\boot\spring-boot-starter-data-jpa\3.3.4\spring-boot-starter-data-jpa-3.3.4.jar;C:\Users\Admin\.m2\repository\org\springframework\boot\spring-boot-starter-aop\3.3.4\spring-boot-starter-aop-3.3.4.jar;C:\Users\Admin\.m2\repository\org\aspectj\aspectjweaver\1.9.22.1\aspectjweaver-1.9.22.1.jar;C:\Users\Admin\.m2\repository\org\springframework\boot\spring-boot-starter-jdbc\3.3.4\spring-boot-starter-jdbc-3.3.4.jar;C:\Users\Admin\.m2\repository\com\zaxxer\HikariCP\5.1.0\HikariCP-5.1.0.jar;C:\Users\Admin\.m2\repository\org\springframework\spring-jdbc\6.1.13\spring-jdbc-6.1.13.jar;C:\Users\Admin\.m2\repository\org\hibernate\orm\hibernate-core\6.5.3.Final\hibernate-core-6.5.3.Final.jar;C:\Users\Admin\.m2\repository\jakarta\persistence\jakarta.persistence-api\3.1.0\jakarta.persistence-api-3.1.0.jar;C:\Users\Admin\.m2\repository\jakarta\transaction\jakarta.transaction-api\2.0.1\jakarta.transaction-api-2.0.1.jar;C:\Users\Admin\.m2\repository\org\jboss\logging\jboss-logging\3.5.3.Final\jboss-logging-3.5.3.Final.jar;C:\Users\Admin\.m2\repository\org\hibernate\common\hibernate-commons-annotations\6.0.6.Final\hibernate-commons-annotations-6.0.6.Final.jar;C:\Users\Admin\.m2\repository\io\smallrye\jandex\3.1.2\jandex-3.1.2.jar;C:\Users\Admin\.m2\repository\com\fasterxml\classmate\1.7.0\classmate-1.7.0.jar;C:\Users\Admin\.m2\repository\org\glassfish\jaxb\jaxb-runtime\4.0.5\jaxb-runtime-4.0.5.jar;C:\Users\Admin\.m2\repository\org\glassfish\jaxb\jaxb-core\4.0.5\jaxb-core-4.0.5.jar;C:\Users\Admin\.m2\repository\org\glassfish\jaxb\txw2\4.0.5\txw2-4.0.5.jar;C:\Users\Admin\.m2\repository\com\sun\istack\istack-commons-runtime\4.1.2\istack-commons-runtime-4.1.2.jar;C:\Users\Admin\.m2\repository\jakarta\inject\jakarta.inject-api\2.0.1\jakarta.inject-api-2.0.1.jar;C:\Users\Admin\.m2\repository\org\antlr\antlr4-runtime\4.13.0\antlr4-runtime-4.13.0.jar;C:\Users\Admin\.m2\repository\org\springframework\data\spring-data-jpa\3.3.4\spring-data-jpa-3.3.4.jar;C:\Users\Admin\.m2\repository\org\springframework\data\spring-data-commons\3.3.4\spring-data-commons-3.3.4.jar;C:\Users\Admin\.m2\repository\org\springframework\spring-orm\6.1.13\spring-orm-6.1.13.jar;C:\Users\Admin\.m2\repository\org\springframework\spring-tx\6.1.13\spring-tx-6.1.13.jar;C:\Users\Admin\.m2\repository\org\springframework\spring-aspects\6.1.13\spring-aspects-6.1.13.jar;C:\Users\Admin\.m2\repository\org\springframework\security\spring-security-core\6.3.3\spring-security-core-6.3.3.jar;C:\Users\Admin\.m2\repository\org\springframework\security\spring-security-crypto\6.3.3\spring-security-crypto-6.3.3.jar;C:\Users\Admin\.m2\repository\org\thymeleaf\extras\thymeleaf-extras-springsecurity6\3.1.2.RELEASE\thymeleaf-extras-springsecurity6-3.1.2.RELEASE.jar;C:\Users\Admin\.m2\repository\org\slf4j\slf4j-api\2.0.16\slf4j-api-2.0.16.jar;C:\Users\Admin\.m2\repository\org\springframework\boot\spring-boot-starter-mail\3.3.4\spring-boot-starter-mail-3.3.4.jar;C:\Users\Admin\.m2\repository\org\springframework\spring-context-support\6.1.13\spring-context-support-6.1.13.jar;C:\Users\Admin\.m2\repository\org\eclipse\angus\jakarta.mail\2.0.3\jakarta.mail-2.0.3.jar;C:\Users\Admin\.m2\repository\org\eclipse\angus\angus-activation\2.0.2\angus-activation-2.0.2.jar
Launcher Type: SUN_STANDARD

[Global flags]
     intx CICompilerCount                          = 3                                         {product} {ergonomic}
     uint ConcGCThreads                            = 1                                         {product} {ergonomic}
     uint G1ConcRefinementThreads                  = 4                                         {product} {ergonomic}
   size_t G1HeapRegionSize                         = 2097152                                   {product} {ergonomic}
    uintx GCDrainStackTargetSize                   = 64                                        {product} {ergonomic}
   size_t InitialHeapSize                          = 268435456                                 {product} {ergonomic}
     bool ManagementServer                         = true                                      {product} {command line}
   size_t MarkStackSize                            = 4194304                                   {product} {ergonomic}
   size_t MaxHeapSize                              = 4263510016                                {product} {ergonomic}
   size_t MaxNewSize                               = 2556428288                                {product} {ergonomic}
   size_t MinHeapDeltaBytes                        = 2097152                                   {product} {ergonomic}
   size_t MinHeapSize                              = 8388608                                   {product} {ergonomic}
    uintx NonNMethodCodeHeapSize                   = 4096                                   {pd product} {ergonomic}
    uintx NonProfiledCodeHeapSize                  = 0                                      {pd product} {ergonomic}
     bool ProfileInterpreter                       = false                                  {pd product} {command line}
    uintx ProfiledCodeHeapSize                     = 0                                      {pd product} {ergonomic}
   size_t SoftMaxHeapSize                          = 4263510016                             {manageable} {ergonomic}
     intx TieredStopAtLevel                        = 1                                         {product} {command line}
     bool UseCompressedOops                        = true                           {product lp64_product} {ergonomic}
     bool UseG1GC                                  = true                                      {product} {ergonomic}
     bool UseLargePagesIndividualAllocation        = false                                  {pd product} {ergonomic}

Logging:
Log output configuration:
 #0: stdout all=warning uptime,level,tags foldmultilines=false
 #1: stderr all=off uptime,level,tags foldmultilines=false

Environment Variables:
JAVA_HOME=C:\Program Files\Java\jdk-21
PATH=C:\Users\Admin\AppData\Roaming\Python\Python312\Scripts;C:\Users\Admin\AppData\Local\Programs\Python\Python312\;C:\Program Files\Common Files\Oracle\Java\javapath;C:\Windows\system32;C:\Windows;C:\Windows\System32\Wbem;C:\Windows\System32\WindowsPowerShell\v1.0\;C:\Windows\System32\OpenSSH\;C:\Program Files\dotnet\;C:\Program Files\Git\cmd;C:\Program Files\Microsoft SQL Server\120\Tools\Binn\;C:\Program Files\Microsoft SQL Server\Client SDK\ODBC\110\Tools\Binn\;C:\Program Files (x86)\Microsoft SQL Server\120\Tools\Binn\;C:\Program Files\Microsoft SQL Server\120\DTS\Binn\;C:\Program Files (x86)\Microsoft SQL Server\120\Tools\Binn\ManagementStudio\;C:\Program Files (x86)\Microsoft SQL Server\120\DTS\Binn\;C:\ProgramData\chocolatey\bin;C:\Users\Admin\AppData\Local\Android\Sdk\platform-tools;C:\Program Files\Microsoft SQL Server\150\Tools\Binn\;C:\Program Files\Microsoft SQL Server\Client SDK\ODBC\170\Tools\Binn\;C:\Program Files\Java\apache-maven-3.9.9\bin;C:\Program Files\Java\jdk-21\bin;C:\Program Files\MariaDB 11.5\bin;C:\Program Files\nodejs\;C:\Users\Admin\AppData\Local\Programs\Python\Launcher\;C:\Users\Admin\AppData\Local\Microsoft\WindowsApps;C:\Users\Admin\AppData\Local\Programs\Microsoft VS Code\bin;C:\Program Files\JetBrains\IntelliJ IDEA 2023.3.6\bin;;C:\Program Files\JetBrains\IntelliJ IDEA Community Edition 2023.3.4\bin;;C:\Users\Admin\.dotnet\tools;C:\Users\Admin\AppData\Roaming\npm
USERNAME=Admin
OS=Windows_NT
PROCESSOR_IDENTIFIER=Intel64 Family 6 Model 142 Stepping 9, GenuineIntel
TMP=C:\Users\Admin\AppData\Local\Temp
TEMP=C:\Users\Admin\AppData\Local\Temp




Periodic native trim disabled

---------------  S Y S T E M  ---------------

OS:
 Windows 10 , 64 bit Build 19041 (10.0.19041.5072)
OS uptime: 0 days 2:12 hours

CPU: total 4 (initial active 4) (2 cores per cpu, 2 threads per core) family 6 model 142 stepping 9 microcode 0xf4, cx8, cmov, fxsr, ht, mmx, 3dnowpref, sse, sse2, sse3, ssse3, sse4.1, sse4.2, popcnt, lzcnt, tsc, tscinvbit, avx, avx2, aes, erms, clmul, bmi1, bmi2, rtm, adx, fma, vzeroupper, clflush, clflushopt, rdtscp, f16c
Processor Information for all 4 processors :
  Max Mhz: 2712, Current Mhz: 2611, Mhz Limit: 2603

Memory: 4k page, system-wide physical 16262M (5945M free)
TotalPageFile size 32646M (AvailPageFile size 17870M)
current process WorkingSet (physical memory assigned to process): 146M, peak: 146M
current process commit charge ("private bytes"): 371M, peak: 371M

vm_info: Java HotSpot(TM) 64-Bit Server VM (21.0.2+13-LTS-58) for windows-amd64 JRE (21.0.2+13-LTS-58), built on 2024-01-05T18:32:24Z by "mach5one" with MS VC++ 17.1 (VS2022)

END.
