#
# A fatal error has been detected by the Java Runtime Environment:
#
#  EXCEPTION_ACCESS_VIOLATION (0xc0000005) at pc=0x00007ffd5e4b10d7, pid=6368, tid=2448
#
# JRE version: Java(TM) SE Runtime Environment (21.0.2+13) (build 21.0.2+13-LTS-58)
# Java VM: Java HotSpot(TM) 64-Bit Server VM (21.0.2+13-LTS-58, mixed mode, emulated-client, sharing, tiered, compressed oops, compressed class ptrs, g1 gc, windows-amd64)
# Problematic frame:
# V  [jvm.dll+0x6810d7]
#
# No core dump will be written. Minidumps are not enabled by default on client versions of Windows
#
# If you would like to submit a bug report, please visit:
#   https://bugreport.java.com/bugreport/crash.jsp
#

---------------  S U M M A R Y ------------

Command Line: -XX:TieredStopAtLevel=1 -Dspring.output.ansi.enabled=always -Dcom.sun.management.jmxremote -Dspring.jmx.enabled=true -Dspring.liveBeansView.mbeanDomain -Dspring.application.admin.enabled=true -Dmanagement.endpoints.jmx.exposure.include=* -javaagent:C:\Program Files\JetBrains\IntelliJ IDEA 2023.3.6\lib\idea_rt.jar=51401:C:\Program Files\JetBrains\IntelliJ IDEA 2023.3.6\bin -Dfile.encoding=UTF-8 -Dsun.stdout.encoding=UTF-8 -Dsun.stderr.encoding=UTF-8 fit.iuh.modish_motion.ModishMotionApplication

Host: Intel(R) Core(TM) i5-7300U CPU @ 2.60GHz, 4 cores, 15G,  Windows 10 , 64 bit Build 19041 (10.0.19041.5072)
Time: Fri Nov 29 14:08:48 2024 SE Asia Standard Time elapsed time: 195.138069 seconds (0d 0h 3m 15s)

---------------  T H R E A D  ---------------

Current thread (0x000001f70526a4d0):  WorkerThread "GC Thread#2"    [id=2448, stack(0x0000008584c00000,0x0000008584d00000) (1024K)]

Stack: [0x0000008584c00000,0x0000008584d00000],  sp=0x0000008584cffc30,  free space=1023k
Native frames: (J=compiled Java code, j=interpreted, Vv=VM code, C=native code)
V  [jvm.dll+0x6810d7]
V  [jvm.dll+0x3befa8]
V  [jvm.dll+0x6d8012]
V  [jvm.dll+0x359152]
V  [jvm.dll+0x883eb7]
V  [jvm.dll+0x7ff568]
V  [jvm.dll+0x6c953d]
C  [ucrtbase.dll+0x21bb2]
C  [KERNEL32.DLL+0x17374]
C  [ntdll.dll+0x4cc91]


siginfo: EXCEPTION_ACCESS_VIOLATION (0xc0000005), reading address 0x0000000000000101


Registers:
RAX=0x0000000000000070, RBX=0x000001f6bf5d93e0, RCX=0x0000000000000001, RDX=0x0000000000000000
RSP=0x0000008584cffc30, RBP=0x000001f6c181b060, RSI=0x0000000000000001, RDI=0x000000000000000a
R8 =0x0000000000000003, R9 =0x000001f6b62e55c0, R10=0x000001f6b62e55b8, R11=0x0000008584cffcf0
R12=0x0000000000000030, R13=0x0000000000000000, R14=0x0000000000000000, R15=0x00000000000003d8
RIP=0x00007ffd5e4b10d7, EFLAGS=0x0000000000010202


Register to memory mapping:

RAX=0x0000000000000070 is an unknown value
RBX=0x000001f6bf5d93e0 points into unknown readable memory: 0x0000000000000000 | 00 00 00 00 00 00 00 00
RCX=0x0000000000000001 is an unknown value
RDX=0x0 is null
RSP=0x0000008584cffc30 points into unknown readable memory: 0x0000008583efe940 | 40 e9 ef 83 85 00 00 00
RBP=0x000001f6c181b060 is a pointer to class: 
org.hibernate.dialect.sequence.SequenceSupport {0x000001f6c181b068}
 - instance size:     2
 - klass size:        63
 - access:            public interface abstract 
 - flags:             rewritten should_verify_class has_nonstatic_concrete_methods declares_nonstatic_concrete_methods has_localvariable_table 
 - state:             fully_initialized
 - name:              'org/hibernate/dialect/sequence/SequenceSupport'
 - super:             'java/lang/Object'
 - sub:               
 - nof implementors:  1
 - implementor:    
   'org/hibernate/dialect/sequence/ANSISequenceSupport'
 - arrays:            null
 - methods:           Array<T>(0x000001f703e7e8c0)
 - method ordering:   Array<T>(0x000001f6c0b30940)
 - default_methods:   Array<T>(0x0000000000000000)
 - local interfaces:  Array<T>(0x000001f6c0613970)
 - trans. interfaces: Array<T>(0x000001f6c0613970)
 - constants:         constant pool [118]/operands[35] {0x000001f703e7e488} for 'org/hibernate/dialect/sequence/SequenceSupport' cache=0x000001f703e7fa70
 - class loader data:  loader data: 0x000001f6bf5b5190 for instance a 'jdk/internal/loader/ClassLoaders$AppClassLoader'{0x0000000702232010}
 - source file:       'SequenceSupport.java'
 - class annotations:       Array<T>(0x0000000000000000)
 - class type annotations:  Array<T>(0x0000000000000000)
 - field annotations:       Array<T>(0x0000000000000000)
 - field type annotations:  Array<T>(0x0000000000000000)
 - inner classes:     Array<T>(0x000001f703e7f520)
 - nest members:     Array<T>(0x000001f6c06138f8)
 - permitted subclasses:     Array<T>(0x000001f6c06138f8)
 - java mirror:       a 'java/lang/Class'{0x0000000703974198} = 'org/hibernate/dialect/sequence/SequenceSupport'
 - vtable length      5  (start addr: 0x000001f6c181b228)
 - itable length      0 (start addr: 0x000001f6c181b250)
 - ---- static fields (0 words):
 - ---- non-static fields (0 words):
 - non-static oop maps: 
RSI=0x0000000000000001 is an unknown value
RDI=0x000000000000000a is an unknown value
R8 =0x0000000000000003 is an unknown value
R9 =0x000001f6b62e55c0 is at entry_point+0 in (nmethod*)0x000001f6b62e5390
Compiled method (c1)  195194 9118       1       org.apache.catalina.core.ApplicationFilterConfig::getFilter (51 bytes)
 total in heap  [0x000001f6b62e5390,0x000001f6b62e5f18] = 2952
 relocation     [0x000001f6b62e54f0,0x000001f6b62e55c0] = 208
 main code      [0x000001f6b62e55c0,0x000001f6b62e5b08] = 1352
 stub code      [0x000001f6b62e5b08,0x000001f6b62e5bb8] = 176
 oops           [0x000001f6b62e5bb8,0x000001f6b62e5bc0] = 8
 metadata       [0x000001f6b62e5bc0,0x000001f6b62e5c58] = 152
 scopes data    [0x000001f6b62e5c58,0x000001f6b62e5d28] = 208
 scopes pcs     [0x000001f6b62e5d28,0x000001f6b62e5ea8] = 384
 dependencies   [0x000001f6b62e5ea8,0x000001f6b62e5ed0] = 40
 nul chk table  [0x000001f6b62e5ed0,0x000001f6b62e5f18] = 72
R10=0x000001f6b62e55b8 is at entry_point+-8 in (nmethod*)0x000001f6b62e5390
Compiled method (c1)  195195 9118       1       org.apache.catalina.core.ApplicationFilterConfig::getFilter (51 bytes)
 total in heap  [0x000001f6b62e5390,0x000001f6b62e5f18] = 2952
 relocation     [0x000001f6b62e54f0,0x000001f6b62e55c0] = 208
 main code      [0x000001f6b62e55c0,0x000001f6b62e5b08] = 1352
 stub code      [0x000001f6b62e5b08,0x000001f6b62e5bb8] = 176
 oops           [0x000001f6b62e5bb8,0x000001f6b62e5bc0] = 8
 metadata       [0x000001f6b62e5bc0,0x000001f6b62e5c58] = 152
 scopes data    [0x000001f6b62e5c58,0x000001f6b62e5d28] = 208
 scopes pcs     [0x000001f6b62e5d28,0x000001f6b62e5ea8] = 384
 dependencies   [0x000001f6b62e5ea8,0x000001f6b62e5ed0] = 40
 nul chk table  [0x000001f6b62e5ed0,0x000001f6b62e5f18] = 72
R11=0x0000008584cffcf0 points into unknown readable memory: 0x0000000000000070 | 70 00 00 00 00 00 00 00
R12=0x0000000000000030 is an unknown value
R13=0x0 is null
R14=0x0 is null
R15=0x00000000000003d8 is an unknown value

Top of Stack: (sp=0x0000008584cffc30)
0x0000008584cffc30:   0000008583efe940 000001f6aace2260
0x0000008584cffc40:   0000000000000000 000001f6aace2260
0x0000008584cffc50:   0000008500000001 00007ffd5e053963
0x0000008584cffc60:   00000000000003d8 0000000000000050
0x0000008584cffc70:   0000000000000000 0000000000000030
0x0000008584cffc80:   000000000000000a 00007ffd5e1eefa8
0x0000008584cffc90:   000001f6b62e0810 0000000000000001
0x0000008584cffca0:   000001f6c181b060 000001f6bf61e250
0x0000008584cffcb0:   000001f6bf61e638 000001f6bf8042e0
0x0000008584cffcc0:   000001f6bf61e250 000001f6bf61e260
0x0000008584cffcd0:   0000008583efe960 00007ffd5e508012
0x0000008584cffce0:   000084ea70a7acb9 0000000000000001
0x0000008584cffcf0:   0000000000000070 000001f7051ca608
0x0000008584cffd00:   0000000000000070 000001f7051ca608
0x0000008584cffd10:   0000000000000000 00007ffd5e189152
0x0000008584cffd20:   0000008583efe920 000001f70526a4d0
0x0000008584cffd30:   0000000000000000 0000000000000000
0x0000008584cffd40:   000001f6bf5d93e0 00007ffd5e6b3eb7
0x0000008584cffd50:   000001f6ace13c08 000001f70526a4d0
0x0000008584cffd60:   0000000000000000 000001f6bf5d93e0
0x0000008584cffd70:   0000000000000000 000001f70526a4d0
0x0000008584cffd80:   0000000000000000 0000000000100000
0x0000008584cffd90:   0000000000000000 00007ffd5e62f568
0x0000008584cffda0:   000001f70526a4d0 00000000ffffffff
0x0000008584cffdb0:   0000000000000000 0000000000000000
0x0000008584cffdc0:   0000000000000004 0000000000001000
0x0000008584cffdd0:   0000000400001000 0000000000020000
0x0000008584cffde0:   0000000000000000 00007ffd5e62fd3a
0x0000008584cffdf0:   000001f70526a4d0 0000000000000000
0x0000008584cffe00:   00004a817aa4cf7e 0000000000000000
0x0000008584cffe10:   0000000000000000 00007ffd5e4f953d
0x0000008584cffe20:   000001f70526a4d0 000001f70526a4d0 

Instructions: (pc=0x00007ffd5e4b10d7)
0x00007ffd5e4b0fd7:   6c 27 00 48 8b 7c 24 50 4c 8b 64 24 58 48 8b 5c
0x00007ffd5e4b0fe7:   24 60 48 8b 6c 24 68 48 83 c4 30 41 5f 41 5e 5e
0x00007ffd5e4b0ff7:   c3 48 8b cb e8 50 8a ac ff 0f b6 c0 4c 8d 0d 0e
0x00007ffd5e4b1007:   32 3a 00 41 b8 73 05 00 00 89 44 24 20 48 8d 15
0x00007ffd5e4b1017:   15 32 3a 00 b9 00 00 00 e0 e8 ab fb bf ff cc 48
0x00007ffd5e4b1027:   8b cb e8 22 8a ac ff 0f b6 c0 4c 8d 0d e0 31 3a
0x00007ffd5e4b1037:   00 41 b8 f1 06 00 00 89 44 24 20 48 8d 15 e7 31
0x00007ffd5e4b1047:   3a 00 b9 00 00 00 e0 e8 7d fb bf ff cc 48 8b cb
0x00007ffd5e4b1057:   e8 f4 89 ac ff 0f b6 c0 4c 8d 0d b2 31 3a 00 41
0x00007ffd5e4b1067:   b8 73 05 00 00 89 44 24 20 48 8d 15 b9 31 3a 00
0x00007ffd5e4b1077:   b9 00 00 00 e0 e8 4f fb bf ff cc cc cc cc cc cc
0x00007ffd5e4b1087:   cc cc cc cc cc cc cc cc cc 48 89 5c 24 10 48 89
0x00007ffd5e4b1097:   6c 24 18 48 89 74 24 20 57 41 54 41 55 41 56 41
0x00007ffd5e4b10a7:   57 48 83 ec 30 65 48 8b 04 25 58 00 00 00 44 0f
0x00007ffd5e4b10b7:   b6 f2 44 8b 05 e8 b5 5e 00 48 8b f1 4a 8b 1c c0
0x00007ffd5e4b10c7:   b8 70 00 00 00 80 3c 18 00 75 05 e8 89 58 27 00
0x00007ffd5e4b10d7:   83 be 00 01 00 00 00 b8 20 00 00 00 48 8b 04 18
0x00007ffd5e4b10e7:   48 8b a8 18 03 00 00 48 8b 7d 28 4c 8b 7d 10 4c
0x00007ffd5e4b10f7:   8b 65 18 4c 8b 6d 20 48 89 7c 24 60 7e 65 48 8d
0x00007ffd5e4b1107:   8e 08 01 00 00 e8 af 0d 00 00 48 8b f8 48 85 c0
0x00007ffd5e4b1117:   74 4c 0f 1f 80 00 00 00 00 48 8b 07 41 0f b6 d6
0x00007ffd5e4b1127:   48 8b cf ff 90 80 00 00 00 8b 5f 08 48 8b cf 48
0x00007ffd5e4b1137:   8b 07 2b de ff 10 8d 48 e0 8d 0c cb 3b 8e 00 01
0x00007ffd5e4b1147:   00 00 7d 1a 48 63 c1 48 8d 8e 08 01 00 00 48 03
0x00007ffd5e4b1157:   c8 e8 63 0d 00 00 48 8b f8 48 85 c0 75 bb 48 8b
0x00007ffd5e4b1167:   7c 24 60 48 63 86 04 01 00 00 83 f8 fe 74 35 48
0x00007ffd5e4b1177:   8d 8e 08 01 00 00 48 03 c8 e8 3b 0d 00 00 48 8b
0x00007ffd5e4b1187:   c8 48 8b d8 48 8b 10 ff 52 68 33 c9 84 c0 48 0f
0x00007ffd5e4b1197:   45 cb 48 85 c9 74 0d 48 8b 01 41 0f b6 d6 ff 90
0x00007ffd5e4b11a7:   80 00 00 00 48 8d 05 9e 34 3a 00 44 88 74 24 28
0x00007ffd5e4b11b7:   48 8d 54 24 20 48 89 44 24 20 48 8b ce e8 87 fc
0x00007ffd5e4b11c7:   ff ff 49 83 3f 00 74 13 48 8b d7 48 8b cd e8 96 


Stack slot to memory mapping:

stack at sp + 0 slots: 0x0000008583efe940 points into unknown readable memory: 0x0000000400000001 | 01 00 00 00 04 00 00 00
stack at sp + 1 slots: 0x000001f6aace2260 points into unknown readable memory: 0x0000000300000001 | 01 00 00 00 03 00 00 00
stack at sp + 2 slots: 0x0 is null
stack at sp + 3 slots: 0x000001f6aace2260 points into unknown readable memory: 0x0000000300000001 | 01 00 00 00 03 00 00 00
stack at sp + 4 slots: 0x0000008500000001 is an unknown value
stack at sp + 5 slots: 0x00007ffd5e053963 jvm.dll
stack at sp + 6 slots: 0x00000000000003d8 is an unknown value
stack at sp + 7 slots: 0x0000000000000050 is an unknown value


---------------  P R O C E S S  ---------------

Threads class SMR info:
_java_thread_list=0x000001f708230c70, length=31, elements={
0x000001f6bf5cc060, 0x000001f6bf5cd720, 0x000001f6bf5d2f80, 0x000001f6bf5d4b50,
0x000001f6bf5d5d50, 0x000001f6bf5d67b0, 0x000001f6bf5d79b0, 0x000001f6bf595020,
0x000001f7051848b0, 0x000001f705184f20, 0x000001f70536c8e0, 0x000001f70573fd10,
0x000001f706676fa0, 0x000001f706678350, 0x000001f706676280, 0x000001f706677630,
0x000001f7066789e0, 0x000001f706679700, 0x000001f706679070, 0x000001f707ffd410,
0x000001f707ffc6f0, 0x000001f707ffdaa0, 0x000001f707ffcd80, 0x000001f707ffe130,
0x000001f707ffe7c0, 0x000001f707fff4e0, 0x000001f707ffee50, 0x000001f707ffc060,
0x000001f70801f520, 0x000001f708021c80, 0x000001f708022310
}

Java Threads: ( => current thread )
  0x000001f6bf5cc060 JavaThread "Reference Handler"          daemon [_thread_blocked, id=11396, stack(0x0000008583f00000,0x0000008584000000) (1024K)]
  0x000001f6bf5cd720 JavaThread "Finalizer"                  daemon [_thread_blocked, id=7440, stack(0x0000008584000000,0x0000008584100000) (1024K)]
  0x000001f6bf5d2f80 JavaThread "Signal Dispatcher"          daemon [_thread_blocked, id=3472, stack(0x0000008584100000,0x0000008584200000) (1024K)]
  0x000001f6bf5d4b50 JavaThread "Attach Listener"            daemon [_thread_blocked, id=13912, stack(0x0000008584200000,0x0000008584300000) (1024K)]
  0x000001f6bf5d5d50 JavaThread "Service Thread"             daemon [_thread_blocked, id=9960, stack(0x0000008584300000,0x0000008584400000) (1024K)]
  0x000001f6bf5d67b0 JavaThread "Monitor Deflation Thread"   daemon [_thread_blocked, id=2352, stack(0x0000008584400000,0x0000008584500000) (1024K)]
  0x000001f6bf5d79b0 JavaThread "C1 CompilerThread0"         daemon [_thread_blocked, id=5216, stack(0x0000008584500000,0x0000008584600000) (1024K)]
  0x000001f6bf595020 JavaThread "Common-Cleaner"             daemon [_thread_blocked, id=12672, stack(0x0000008584600000,0x0000008584700000) (1024K)]
  0x000001f7051848b0 JavaThread "Monitor Ctrl-Break"         daemon [_thread_in_native, id=8760, stack(0x0000008584800000,0x0000008584900000) (1024K)]
  0x000001f705184f20 JavaThread "Notification Thread"        daemon [_thread_blocked, id=72, stack(0x0000008584900000,0x0000008584a00000) (1024K)]
  0x000001f70536c8e0 JavaThread "RMI TCP Accept-0"           daemon [_thread_in_native, id=12348, stack(0x0000008584e00000,0x0000008584f00000) (1024K)]
  0x000001f70573fd10 JavaThread "RMI Scheduler(0)"           daemon [_thread_blocked, id=8120, stack(0x0000008585000000,0x0000008585100000) (1024K)]
  0x000001f706676fa0 JavaThread "Catalina-utility-1"                [_thread_blocked, id=11416, stack(0x0000008585300000,0x0000008585400000) (1024K)]
  0x000001f706678350 JavaThread "Catalina-utility-2"                [_thread_blocked, id=13116, stack(0x0000008585400000,0x0000008585500000) (1024K)]
  0x000001f706676280 JavaThread "container-0"                       [_thread_blocked, id=8376, stack(0x0000008585500000,0x0000008585600000) (1024K)]
  0x000001f706677630 JavaThread "HikariPool housekeeper"     daemon [_thread_blocked, id=592, stack(0x0000008585700000,0x0000008585800000) (1024K)]
  0x000001f7066789e0 JavaThread "File Watcher"               daemon [_thread_blocked, id=8336, stack(0x0000008585900000,0x0000008585a00000) (1024K)]
  0x000001f706679700 JavaThread "Live Reload Server"         daemon [_thread_in_native, id=8100, stack(0x0000008585b00000,0x0000008585c00000) (1024K)]
  0x000001f706679070 JavaThread "http-nio-8080-exec-1"       daemon [_thread_blocked, id=8024, stack(0x0000008585a00000,0x0000008585b00000) (1024K)]
  0x000001f707ffd410 JavaThread "http-nio-8080-exec-2"       daemon [_thread_blocked, id=11852, stack(0x0000008585c00000,0x0000008585d00000) (1024K)]
  0x000001f707ffc6f0 JavaThread "http-nio-8080-exec-3"       daemon [_thread_blocked, id=14236, stack(0x0000008585d00000,0x0000008585e00000) (1024K)]
  0x000001f707ffdaa0 JavaThread "http-nio-8080-exec-4"       daemon [_thread_blocked, id=4712, stack(0x0000008585e00000,0x0000008585f00000) (1024K)]
  0x000001f707ffcd80 JavaThread "http-nio-8080-exec-5"       daemon [_thread_blocked, id=7904, stack(0x0000008585f00000,0x0000008586000000) (1024K)]
  0x000001f707ffe130 JavaThread "http-nio-8080-exec-6"       daemon [_thread_blocked, id=9192, stack(0x0000008586000000,0x0000008586100000) (1024K)]
  0x000001f707ffe7c0 JavaThread "http-nio-8080-exec-7"       daemon [_thread_blocked, id=11816, stack(0x0000008586100000,0x0000008586200000) (1024K)]
  0x000001f707fff4e0 JavaThread "http-nio-8080-exec-8"       daemon [_thread_blocked, id=13804, stack(0x0000008586200000,0x0000008586300000) (1024K)]
  0x000001f707ffee50 JavaThread "http-nio-8080-exec-9"       daemon [_thread_blocked, id=9432, stack(0x0000008586300000,0x0000008586400000) (1024K)]
  0x000001f707ffc060 JavaThread "http-nio-8080-exec-10"      daemon [_thread_blocked, id=14000, stack(0x0000008586400000,0x0000008586500000) (1024K)]
  0x000001f70801f520 JavaThread "http-nio-8080-Poller"       daemon [_thread_in_native, id=12324, stack(0x0000008586500000,0x0000008586600000) (1024K)]
  0x000001f708021c80 JavaThread "http-nio-8080-Acceptor"     daemon [_thread_in_native, id=10920, stack(0x0000008586600000,0x0000008586700000) (1024K)]
  0x000001f708022310 JavaThread "DestroyJavaVM"                     [_thread_blocked, id=13468, stack(0x0000008583700000,0x0000008583800000) (1024K)]
Total: 31

Other Threads:
  0x000001f6bf5aa0d0 VMThread "VM Thread"                           [id=2236, stack(0x0000008583e00000,0x0000008583f00000) (1024K)]
  0x000001f6bf593f10 WatcherThread "VM Periodic Task Thread"        [id=11188, stack(0x0000008583d00000,0x0000008583e00000) (1024K)]
  0x000001f6ace72aa0 WorkerThread "GC Thread#0"                     [id=12176, stack(0x0000008583800000,0x0000008583900000) (1024K)]
  0x000001f70526a130 WorkerThread "GC Thread#1"                     [id=5268, stack(0x0000008584b00000,0x0000008584c00000) (1024K)]
=>0x000001f70526a4d0 WorkerThread "GC Thread#2"                     [id=2448, stack(0x0000008584c00000,0x0000008584d00000) (1024K)]
  0x000001f70526a870 WorkerThread "GC Thread#3"                     [id=2068, stack(0x0000008584d00000,0x0000008584e00000) (1024K)]
  0x000001f6ace839d0 ConcurrentGCThread "G1 Main Marker"            [id=13596, stack(0x0000008583900000,0x0000008583a00000) (1024K)]
  0x000001f6ace84b80 WorkerThread "G1 Conc#0"                       [id=11108, stack(0x0000008583a00000,0x0000008583b00000) (1024K)]
  0x000001f6acece420 ConcurrentGCThread "G1 Refine#0"               [id=10760, stack(0x0000008583b00000,0x0000008583c00000) (1024K)]
  0x000001f6bf4544e0 ConcurrentGCThread "G1 Service"                [id=5584, stack(0x0000008583c00000,0x0000008583d00000) (1024K)]
Total: 10

Threads with active compile tasks:
Total: 0

VM state: at safepoint (normal execution)

VM Mutex/Monitor currently owned by a thread:  ([mutex/lock_event])
[0x00007ffd5ea6cd68] Threads_lock - owner thread: 0x000001f6bf5aa0d0
[0x00007ffd5ea6ce68] Heap_lock - owner thread: 0x000001f6ace839d0

Heap address: 0x0000000701e00000, size: 4066 MB, Compressed Oops mode: Zero based, Oop shift amount: 3

CDS archive(s) mapped at: [0x000001f6c0000000-0x000001f6c0c90000-0x000001f6c0c90000), size 13172736, SharedBaseAddress: 0x000001f6c0000000, ArchiveRelocationMode: 1.
Compressed class space mapped at: 0x000001f6c1000000-0x000001f701000000, reserved size: 1073741824
Narrow klass base: 0x000001f6c0000000, Narrow klass shift: 0, Narrow klass range: 0x100000000

GC Precious Log:
 CardTable entry size: 512
 Card Set container configuration: InlinePtr #cards 4 size 8 Array Of Cards #cards 16 size 48 Howl #buckets 8 coarsen threshold 3686 Howl Bitmap #cards 512 size 80 coarsen threshold 460 Card regions per heap region 1 cards per card region 4096
 CPUs: 4 total, 4 available
 Memory: 16262M
 Large Page Support: Disabled
 NUMA Support: Disabled
 Compressed Oops: Enabled (Zero based)
 Heap Region Size: 2M
 Heap Min Capacity: 8M
 Heap Initial Capacity: 256M
 Heap Max Capacity: 4066M
 Pre-touch: Disabled
 Parallel Workers: 4
 Concurrent Workers: 1
 Concurrent Refinement Workers: 4
 Periodic GC: Disabled

Heap:
 garbage-first heap   total 102400K, used 46930K [0x0000000701e00000, 0x0000000800000000)
  region size 2048K, 2 young (4096K), 1 survivors (2048K)
 Metaspace       used 78609K, committed 79552K, reserved 1179648K
  class space    used 11487K, committed 11904K, reserved 1048576K

Heap Regions: E=young(eden), S=young(survivor), O=old, HS=humongous(starts), HC=humongous(continues), CS=collection set, F=free, TAMS=top-at-mark-start, PB=parsable bottom
|   0|0x0000000701e00000, 0x0000000702000000, 0x0000000702000000|100%| O|  |TAMS 0x0000000702000000| PB 0x0000000701e00000| Untracked 
|   1|0x0000000702000000, 0x0000000702200000, 0x0000000702200000|100%| O|  |TAMS 0x0000000702200000| PB 0x0000000702000000| Untracked 
|   2|0x0000000702200000, 0x0000000702400000, 0x0000000702400000|100%| O|  |TAMS 0x0000000702400000| PB 0x0000000702200000| Untracked 
|   3|0x0000000702400000, 0x0000000702600000, 0x0000000702600000|100%| O|  |TAMS 0x0000000702600000| PB 0x0000000702400000| Untracked 
|   4|0x0000000702600000, 0x0000000702800000, 0x0000000702800000|100%| O|  |TAMS 0x0000000702800000| PB 0x0000000702600000| Untracked 
|   5|0x0000000702800000, 0x0000000702a00000, 0x0000000702a00000|100%| O|  |TAMS 0x0000000702a00000| PB 0x0000000702800000| Untracked 
|   6|0x0000000702a00000, 0x0000000702c00000, 0x0000000702c00000|100%| O|  |TAMS 0x0000000702c00000| PB 0x0000000702a00000| Untracked 
|   7|0x0000000702c00000, 0x0000000702e00000, 0x0000000702e00000|100%| O|  |TAMS 0x0000000702e00000| PB 0x0000000702c00000| Untracked 
|   8|0x0000000702e00000, 0x0000000703000000, 0x0000000703000000|100%| O|  |TAMS 0x0000000703000000| PB 0x0000000702e00000| Untracked 
|   9|0x0000000703000000, 0x0000000703200000, 0x0000000703200000|100%| O|  |TAMS 0x0000000703200000| PB 0x0000000703000000| Untracked 
|  10|0x0000000703200000, 0x0000000703400000, 0x0000000703400000|100%| O|  |TAMS 0x0000000703400000| PB 0x0000000703200000| Untracked 
|  11|0x0000000703400000, 0x0000000703600000, 0x0000000703600000|100%| O|  |TAMS 0x0000000703600000| PB 0x0000000703400000| Untracked 
|  12|0x0000000703600000, 0x0000000703800000, 0x0000000703800000|100%| O|  |TAMS 0x0000000703800000| PB 0x0000000703600000| Untracked 
|  13|0x0000000703800000, 0x0000000703a00000, 0x0000000703a00000|100%| O|  |TAMS 0x0000000703a00000| PB 0x0000000703800000| Untracked 
|  14|0x0000000703a00000, 0x0000000703c00000, 0x0000000703c00000|100%| O|  |TAMS 0x0000000703a00000| PB 0x0000000703a00000| Untracked 
|  15|0x0000000703c00000, 0x0000000703e00000, 0x0000000703e00000|100%| O|  |TAMS 0x0000000703e00000| PB 0x0000000703c00000| Untracked 
|  16|0x0000000703e00000, 0x0000000704000000, 0x0000000704000000|100%| O|  |TAMS 0x0000000704000000| PB 0x0000000703e00000| Untracked 
|  17|0x0000000704000000, 0x0000000704200000, 0x0000000704200000|100%| O|  |TAMS 0x0000000704200000| PB 0x0000000704000000| Untracked 
|  18|0x0000000704200000, 0x0000000704400000, 0x0000000704400000|100%| O|  |TAMS 0x0000000704200000| PB 0x0000000704200000| Untracked 
|  19|0x0000000704400000, 0x0000000704600000, 0x0000000704600000|100%| O|  |TAMS 0x0000000704600000| PB 0x0000000704400000| Untracked 
|  20|0x0000000704600000, 0x0000000704800000, 0x0000000704800000|100%| O|  |TAMS 0x0000000704697280| PB 0x0000000704600000| Untracked 
|  21|0x0000000704800000, 0x0000000704800000, 0x0000000704a00000|  0%| F|  |TAMS 0x0000000704800000| PB 0x0000000704800000| Untracked 
|  22|0x0000000704a00000, 0x0000000704a00000, 0x0000000704c00000|  0%| F|  |TAMS 0x0000000704a00000| PB 0x0000000704a00000| Untracked 
|  23|0x0000000704c00000, 0x0000000704e00000, 0x0000000704e00000|100%| O|  |TAMS 0x0000000704c00000| PB 0x0000000704c00000| Untracked 
|  24|0x0000000704e00000, 0x0000000704e63700, 0x0000000705000000| 19%| O|  |TAMS 0x0000000704e00000| PB 0x0000000704e00000| Untracked 
|  25|0x0000000705000000, 0x0000000705000000, 0x0000000705200000|  0%| F|  |TAMS 0x0000000705000000| PB 0x0000000705000000| Untracked 
|  26|0x0000000705200000, 0x0000000705200000, 0x0000000705400000|  0%| F|  |TAMS 0x0000000705200000| PB 0x0000000705200000| Untracked 
|  27|0x0000000705400000, 0x0000000705400000, 0x0000000705600000|  0%| F|  |TAMS 0x0000000705400000| PB 0x0000000705400000| Untracked 
|  28|0x0000000705600000, 0x0000000705600000, 0x0000000705800000|  0%| F|  |TAMS 0x0000000705600000| PB 0x0000000705600000| Untracked 
|  29|0x0000000705800000, 0x0000000705971140, 0x0000000705a00000| 72%| S|CS|TAMS 0x0000000705800000| PB 0x0000000705800000| Complete 
|  30|0x0000000705a00000, 0x0000000705a00000, 0x0000000705c00000|  0%| F|  |TAMS 0x0000000705a00000| PB 0x0000000705a00000| Untracked 
|  31|0x0000000705c00000, 0x0000000705c00000, 0x0000000705e00000|  0%| F|  |TAMS 0x0000000705c00000| PB 0x0000000705c00000| Untracked 
|  32|0x0000000705e00000, 0x0000000705e00000, 0x0000000706000000|  0%| F|  |TAMS 0x0000000705e00000| PB 0x0000000705e00000| Untracked 
|  33|0x0000000706000000, 0x0000000706000000, 0x0000000706200000|  0%| F|  |TAMS 0x0000000706000000| PB 0x0000000706000000| Untracked 
|  34|0x0000000706200000, 0x0000000706200000, 0x0000000706400000|  0%| F|  |TAMS 0x0000000706200000| PB 0x0000000706200000| Untracked 
|  35|0x0000000706400000, 0x0000000706400000, 0x0000000706600000|  0%| F|  |TAMS 0x0000000706400000| PB 0x0000000706400000| Untracked 
|  36|0x0000000706600000, 0x0000000706600000, 0x0000000706800000|  0%| F|  |TAMS 0x0000000706600000| PB 0x0000000706600000| Untracked 
|  37|0x0000000706800000, 0x0000000706800000, 0x0000000706a00000|  0%| F|  |TAMS 0x0000000706800000| PB 0x0000000706800000| Untracked 
|  38|0x0000000706a00000, 0x0000000706a00000, 0x0000000706c00000|  0%| F|  |TAMS 0x0000000706a00000| PB 0x0000000706a00000| Untracked 
|  39|0x0000000706c00000, 0x0000000706c00000, 0x0000000706e00000|  0%| F|  |TAMS 0x0000000706c00000| PB 0x0000000706c00000| Untracked 
|  40|0x0000000706e00000, 0x0000000706e00000, 0x0000000707000000|  0%| F|  |TAMS 0x0000000706e00000| PB 0x0000000706e00000| Untracked 
|  41|0x0000000707000000, 0x0000000707000000, 0x0000000707200000|  0%| F|  |TAMS 0x0000000707000000| PB 0x0000000707000000| Untracked 
|  42|0x0000000707200000, 0x0000000707200000, 0x0000000707400000|  0%| F|  |TAMS 0x0000000707200000| PB 0x0000000707200000| Untracked 
|  43|0x0000000707400000, 0x0000000707400000, 0x0000000707600000|  0%| F|  |TAMS 0x0000000707400000| PB 0x0000000707400000| Untracked 
| 121|0x0000000711000000, 0x0000000711000000, 0x0000000711200000|  0%| F|  |TAMS 0x0000000711000000| PB 0x0000000711000000| Untracked 
| 122|0x0000000711200000, 0x0000000711200000, 0x0000000711400000|  0%| F|  |TAMS 0x0000000711200000| PB 0x0000000711200000| Untracked 
| 123|0x0000000711400000, 0x0000000711400000, 0x0000000711600000|  0%| F|  |TAMS 0x0000000711400000| PB 0x0000000711400000| Untracked 
| 124|0x0000000711600000, 0x0000000711600000, 0x0000000711800000|  0%| F|  |TAMS 0x0000000711600000| PB 0x0000000711600000| Untracked 
| 125|0x0000000711800000, 0x0000000711800000, 0x0000000711a00000|  0%| F|  |TAMS 0x0000000711800000| PB 0x0000000711800000| Untracked 
| 127|0x0000000711c00000, 0x0000000711c4b4d0, 0x0000000711e00000| 14%| E|  |TAMS 0x0000000711c00000| PB 0x0000000711c00000| Complete 

Card table byte_map: [0x000001f6b8a70000,0x000001f6b9270000] _byte_map_base: 0x000001f6b5261000

Marking Bits: (CMBitMap*) 0x000001f6ace730b0
 Bits: [0x000001f6b9270000, 0x000001f6bd1f8000)

Polling page: 0x000001f6aaf70000

Metaspace:

Usage:
  Non-class:     65.55 MB used.
      Class:     11.22 MB used.
       Both:     76.77 MB used.

Virtual space:
  Non-class space:      128.00 MB reserved,      66.06 MB ( 52%) committed,  2 nodes.
      Class space:        1.00 GB reserved,      11.62 MB (  1%) committed,  1 nodes.
             Both:        1.12 GB reserved,      77.69 MB (  7%) committed. 

Chunk freelists:
   Non-Class:  13.31 MB
       Class:  4.41 MB
        Both:  17.72 MB

MaxMetaspaceSize: unlimited
CompressedClassSpaceSize: 1.00 GB
Initial GC threshold: 21.00 MB
Current GC threshold: 109.50 MB
CDS: on
 - commit_granule_bytes: 65536.
 - commit_granule_words: 8192.
 - virtual_space_node_default_size: 8388608.
 - enlarge_chunks_in_place: 1.
 - use_allocation_guard: 0.


Internal statistics:

num_allocs_failed_limit: 9.
num_arena_births: 1260.
num_arena_deaths: 0.
num_vsnodes_births: 3.
num_vsnodes_deaths: 0.
num_space_committed: 1243.
num_space_uncommitted: 0.
num_chunks_returned_to_freelist: 9.
num_chunks_taken_from_freelist: 4140.
num_chunk_merges: 9.
num_chunk_splits: 3004.
num_chunks_enlarged: 2314.
num_inconsistent_stats: 0.

CodeCache: size=49152Kb used=16018Kb max_used=16913Kb free=33133Kb
 bounds [0x000001f6b5270000, 0x000001f6b6300000, 0x000001f6b8270000]
 total_blobs=9978 nmethods=9216 adapters=684
 compilation: enabled
              stopped_count=0, restarted_count=0
 full_count=0

Compilation events (20 events):
Event: 144.253 Thread 0x000001f6bf5d79b0 9304       1       java.util.concurrent.ForkJoinPool::unmanagedBlock (31 bytes)
Event: 144.253 Thread 0x000001f6bf5d79b0 nmethod 9304 0x000001f6b60b8d90 code [0x000001f6b60b8f60, 0x000001f6b60b9128]
Event: 148.129 Thread 0x000001f6bf5d79b0 9306       1       org.springframework.web.servlet.HandlerInterceptor::postHandle (1 bytes)
Event: 148.129 Thread 0x000001f6bf5d79b0 nmethod 9306 0x000001f6b60b8a90 code [0x000001f6b60b8c20, 0x000001f6b60b8ce8]
Event: 171.155 Thread 0x000001f6bf5d79b0 9307       1       java.util.Date::<init> (10 bytes)
Event: 171.155 Thread 0x000001f6bf5d79b0 nmethod 9307 0x000001f6b60b8790 code [0x000001f6b60b8920, 0x000001f6b60b89e8]
Event: 183.925 Thread 0x000001f6bf5d79b0 9308       1       java.util.concurrent.ScheduledThreadPoolExecutor$DelayedWorkQueue::add (9 bytes)
Event: 183.925 Thread 0x000001f6bf5d79b0 nmethod 9308 0x000001f6b60b8410 code [0x000001f6b60b85c0, 0x000001f6b60b8708]
Event: 183.925 Thread 0x000001f6bf5d79b0 9309       1       java.util.concurrent.ThreadPoolExecutor::ensurePrestart (41 bytes)
Event: 183.925 Thread 0x000001f6bf5d79b0 nmethod 9309 0x000001f6b60b8010 code [0x000001f6b60b81c0, 0x000001f6b60b8320]
Event: 183.926 Thread 0x000001f6bf5d79b0 9310       1       java.util.concurrent.ScheduledThreadPoolExecutor$DelayedWorkQueue::add (6 bytes)
Event: 183.926 Thread 0x000001f6bf5d79b0 nmethod 9310 0x000001f6b60b7d10 code [0x000001f6b60b7ec0, 0x000001f6b60b7fa8]
Event: 183.926 Thread 0x000001f6bf5d79b0 9311   !   1       java.util.concurrent.ScheduledThreadPoolExecutor$DelayedWorkQueue::offer (123 bytes)
Event: 183.926 Thread 0x000001f6bf5d79b0 nmethod 9311 0x000001f6b60b6990 code [0x000001f6b60b6c20, 0x000001f6b60b7570]
Event: 184.778 Thread 0x000001f6bf5d79b0 9312       1       java.util.concurrent.ScheduledThreadPoolExecutor$DelayedWorkQueue::siftUp (64 bytes)
Event: 184.778 Thread 0x000001f6bf5d79b0 nmethod 9312 0x000001f6b60b5f10 code [0x000001f6b60b6100, 0x000001f6b60b6648]
Event: 194.124 Thread 0x000001f6bf5d79b0 9313       1       java.util.concurrent.ThreadPoolExecutor$Worker::unlock (7 bytes)
Event: 194.124 Thread 0x000001f6bf5d79b0 nmethod 9313 0x000001f6b60b5b90 code [0x000001f6b60b5d40, 0x000001f6b60b5e60]
Event: 194.124 Thread 0x000001f6bf5d79b0 9314       1       java.util.concurrent.ThreadPoolExecutor$Worker::tryRelease (12 bytes)
Event: 194.124 Thread 0x000001f6bf5d79b0 nmethod 9314 0x000001f6b60b5890 code [0x000001f6b60b5a20, 0x000001f6b60b5b28]

GC Heap History (20 events):
Event: 5.788 GC heap before
{Heap before GC invocations=11 (full 0):
 garbage-first heap   total 83968K, used 66220K [0x0000000701e00000, 0x0000000800000000)
  region size 2048K, 24 young (49152K), 3 survivors (6144K)
 Metaspace       used 54536K, committed 55296K, reserved 1114112K
  class space    used 7771K, committed 8128K, reserved 1048576K
}
Event: 5.796 GC heap after
{Heap after GC invocations=12 (full 0):
 garbage-first heap   total 83968K, used 25739K [0x0000000701e00000, 0x0000000800000000)
  region size 2048K, 2 young (4096K), 2 survivors (4096K)
 Metaspace       used 54536K, committed 55296K, reserved 1114112K
  class space    used 7771K, committed 8128K, reserved 1048576K
}
Event: 6.306 GC heap before
{Heap before GC invocations=12 (full 0):
 garbage-first heap   total 83968K, used 56459K [0x0000000701e00000, 0x0000000800000000)
  region size 2048K, 18 young (36864K), 2 survivors (4096K)
 Metaspace       used 59822K, committed 60480K, reserved 1114112K
  class space    used 8473K, committed 8768K, reserved 1048576K
}
Event: 6.313 GC heap after
{Heap after GC invocations=13 (full 0):
 garbage-first heap   total 83968K, used 28961K [0x0000000701e00000, 0x0000000800000000)
  region size 2048K, 3 young (6144K), 3 survivors (6144K)
 Metaspace       used 59822K, committed 60480K, reserved 1114112K
  class space    used 8473K, committed 8768K, reserved 1048576K
}
Event: 6.676 GC heap before
{Heap before GC invocations=14 (full 0):
 garbage-first heap   total 83968K, used 69921K [0x0000000701e00000, 0x0000000800000000)
  region size 2048K, 23 young (47104K), 3 survivors (6144K)
 Metaspace       used 62233K, committed 62912K, reserved 1114112K
  class space    used 9106K, committed 9408K, reserved 1048576K
}
Event: 6.685 GC heap after
{Heap after GC invocations=15 (full 0):
 garbage-first heap   total 83968K, used 31271K [0x0000000701e00000, 0x0000000800000000)
  region size 2048K, 3 young (6144K), 3 survivors (6144K)
 Metaspace       used 62233K, committed 62912K, reserved 1114112K
  class space    used 9106K, committed 9408K, reserved 1048576K
}
Event: 6.845 GC heap before
{Heap before GC invocations=15 (full 0):
 garbage-first heap   total 83968K, used 70183K [0x0000000701e00000, 0x0000000800000000)
  region size 2048K, 22 young (45056K), 3 survivors (6144K)
 Metaspace       used 63614K, committed 64320K, reserved 1114112K
  class space    used 9286K, committed 9600K, reserved 1048576K
}
Event: 6.855 GC heap after
{Heap after GC invocations=16 (full 0):
 garbage-first heap   total 102400K, used 33695K [0x0000000701e00000, 0x0000000800000000)
  region size 2048K, 3 young (6144K), 3 survivors (6144K)
 Metaspace       used 63614K, committed 64320K, reserved 1114112K
  class space    used 9286K, committed 9600K, reserved 1048576K
}
Event: 6.985 GC heap before
{Heap before GC invocations=16 (full 0):
 garbage-first heap   total 102400K, used 88991K [0x0000000701e00000, 0x0000000800000000)
  region size 2048K, 30 young (61440K), 3 survivors (6144K)
 Metaspace       used 63629K, committed 64320K, reserved 1114112K
  class space    used 9286K, committed 9600K, reserved 1048576K
}
Event: 6.995 GC heap after
{Heap after GC invocations=17 (full 0):
 garbage-first heap   total 102400K, used 39451K [0x0000000701e00000, 0x0000000800000000)
  region size 2048K, 4 young (8192K), 4 survivors (8192K)
 Metaspace       used 63629K, committed 64320K, reserved 1114112K
  class space    used 9286K, committed 9600K, reserved 1048576K
}
Event: 7.084 GC heap before
{Heap before GC invocations=17 (full 0):
 garbage-first heap   total 102400K, used 86555K [0x0000000701e00000, 0x0000000800000000)
  region size 2048K, 27 young (55296K), 4 survivors (8192K)
 Metaspace       used 63630K, committed 64320K, reserved 1114112K
  class space    used 9286K, committed 9600K, reserved 1048576K
}
Event: 7.089 GC heap after
{Heap after GC invocations=18 (full 0):
 garbage-first heap   total 102400K, used 37656K [0x0000000701e00000, 0x0000000800000000)
  region size 2048K, 2 young (4096K), 2 survivors (4096K)
 Metaspace       used 63630K, committed 64320K, reserved 1114112K
  class space    used 9286K, committed 9600K, reserved 1048576K
}
Event: 7.514 GC heap before
{Heap before GC invocations=18 (full 0):
 garbage-first heap   total 102400K, used 88856K [0x0000000701e00000, 0x0000000800000000)
  region size 2048K, 27 young (55296K), 2 survivors (4096K)
 Metaspace       used 66001K, committed 66752K, reserved 1114112K
  class space    used 9712K, committed 10048K, reserved 1048576K
}
Event: 7.520 GC heap after
{Heap after GC invocations=19 (full 0):
 garbage-first heap   total 102400K, used 38233K [0x0000000701e00000, 0x0000000800000000)
  region size 2048K, 3 young (6144K), 3 survivors (6144K)
 Metaspace       used 66001K, committed 66752K, reserved 1114112K
  class space    used 9712K, committed 10048K, reserved 1048576K
}
Event: 20.301 GC heap before
{Heap before GC invocations=20 (full 0):
 garbage-first heap   total 102400K, used 87385K [0x0000000701e00000, 0x0000000800000000)
  region size 2048K, 27 young (55296K), 3 survivors (6144K)
 Metaspace       used 72030K, committed 72832K, reserved 1114112K
  class space    used 10590K, committed 10944K, reserved 1048576K
}
Event: 20.312 GC heap after
{Heap after GC invocations=21 (full 0):
 garbage-first heap   total 102400K, used 42225K [0x0000000701e00000, 0x0000000800000000)
  region size 2048K, 4 young (8192K), 4 survivors (8192K)
 Metaspace       used 72030K, committed 72832K, reserved 1114112K
  class space    used 10590K, committed 10944K, reserved 1048576K
}
Event: 70.434 GC heap before
{Heap before GC invocations=21 (full 0):
 garbage-first heap   total 102400K, used 87281K [0x0000000701e00000, 0x0000000800000000)
  region size 2048K, 26 young (53248K), 4 survivors (8192K)
 Metaspace       used 77885K, committed 78720K, reserved 1179648K
  class space    used 11384K, committed 11776K, reserved 1048576K
}
Event: 70.451 GC heap after
{Heap after GC invocations=22 (full 0):
 garbage-first heap   total 102400K, used 45660K [0x0000000701e00000, 0x0000000800000000)
  region size 2048K, 4 young (8192K), 4 survivors (8192K)
 Metaspace       used 77885K, committed 78720K, reserved 1179648K
  class space    used 11384K, committed 11776K, reserved 1048576K
}
Event: 195.014 GC heap before
{Heap before GC invocations=22 (full 0):
 garbage-first heap   total 102400K, used 84572K [0x0000000701e00000, 0x0000000800000000)
  region size 2048K, 24 young (49152K), 4 survivors (8192K)
 Metaspace       used 78609K, committed 79552K, reserved 1179648K
  class space    used 11487K, committed 11904K, reserved 1048576K
}
Event: 195.024 GC heap after
{Heap after GC invocations=23 (full 0):
 garbage-first heap   total 102400K, used 46930K [0x0000000701e00000, 0x0000000800000000)
  region size 2048K, 1 young (2048K), 1 survivors (2048K)
 Metaspace       used 78609K, committed 79552K, reserved 1179648K
  class space    used 11487K, committed 11904K, reserved 1048576K
}

Dll operation events (13 events):
Event: 0.010 Loaded shared library C:\Program Files\Java\jdk-21\bin\java.dll
Event: 0.223 Loaded shared library C:\Program Files\Java\jdk-21\bin\zip.dll
Event: 0.228 Loaded shared library C:\Program Files\Java\jdk-21\bin\instrument.dll
Event: 0.236 Loaded shared library C:\Program Files\Java\jdk-21\bin\net.dll
Event: 0.238 Loaded shared library C:\Program Files\Java\jdk-21\bin\nio.dll
Event: 0.242 Loaded shared library C:\Program Files\Java\jdk-21\bin\zip.dll
Event: 0.408 Loaded shared library C:\Program Files\JetBrains\IntelliJ IDEA 2023.3.6\bin\breakgen64.dll
Event: 0.416 Loaded shared library C:\Program Files\Java\jdk-21\bin\jimage.dll
Event: 0.422 Loaded shared library C:\Program Files\Java\jdk-21\bin\extnet.dll
Event: 0.444 Loaded shared library C:\Program Files\Java\jdk-21\bin\management.dll
Event: 0.461 Loaded shared library C:\Program Files\Java\jdk-21\bin\management_ext.dll
Event: 2.053 Loaded shared library C:\Program Files\Java\jdk-21\bin\sunmscapi.dll
Event: 4.267 Loaded shared library C:\Program Files\Java\jdk-21\bin\verify.dll

Deoptimization events (6 events):
Event: 3.458 Thread 0x000001f70574e2d0 DEOPT PACKING pc=0x000001f6b5a20a94 sp=0x00000085852fcc40
Event: 3.458 Thread 0x000001f70574e2d0 DEOPT UNPACKING pc=0x000001f6b52c4e42 sp=0x00000085852fc0f8 mode 0
Event: 5.983 Thread 0x000001f70574e2d0 DEOPT PACKING pc=0x000001f6b5851b11 sp=0x00000085852fbbb0
Event: 5.983 Thread 0x000001f70574e2d0 DEOPT UNPACKING pc=0x000001f6b52c4e42 sp=0x00000085852fb0b8 mode 3
Event: 6.076 Thread 0x000001f70574e2d0 DEOPT PACKING pc=0x000001f6b5867b44 sp=0x00000085852fc050
Event: 6.076 Thread 0x000001f70574e2d0 DEOPT UNPACKING pc=0x000001f6b52c4e42 sp=0x00000085852fb5a8 mode 0

Classes loaded (20 events):
Event: 68.395 Loading class java/io/PipedInputStream
Event: 68.395 Loading class java/io/PipedInputStream done
Event: 68.424 Loading class jdk/internal/loader/BootLoader$PackageHelper
Event: 68.424 Loading class jdk/internal/loader/BootLoader$PackageHelper done
Event: 68.439 Loading class java/util/stream/ReduceOps$7
Event: 68.439 Loading class java/util/stream/ReduceOps$7 done
Event: 68.439 Loading class java/util/stream/ReduceOps$6ReducingSink
Event: 68.440 Loading class java/util/stream/ReduceOps$6ReducingSink done
Event: 68.443 Loading class java/lang/Throwable$WrappedPrintWriter
Event: 68.443 Loading class java/lang/Throwable$WrappedPrintWriter done
Event: 70.477 Loading class jdk/internal/reflect/MethodHandleDoubleFieldAccessorImpl
Event: 70.477 Loading class jdk/internal/reflect/MethodHandleDoubleFieldAccessorImpl done
Event: 70.508 Loading class java/util/stream/SliceOps
Event: 70.509 Loading class java/util/stream/SliceOps done
Event: 70.509 Loading class java/util/stream/SliceOps$1
Event: 70.509 Loading class java/util/stream/SliceOps$1 done
Event: 70.510 Loading class java/util/stream/SliceOps$1$1
Event: 70.510 Loading class java/util/stream/SliceOps$1$1 done
Event: 70.691 Loading class jdk/internal/math/FDBigInteger
Event: 70.692 Loading class jdk/internal/math/FDBigInteger done

Classes unloaded (20 events):
Event: 195.115 Thread 0x000001f6bf5aa0d0 Unloading class 0x000001f6c100c400 'java/lang/invoke/LambdaForm$DMH+0x000001f6c100c400'
Event: 195.115 Thread 0x000001f6bf5aa0d0 Unloading class 0x000001f6c100b800 'java/lang/invoke/LambdaForm$DMH+0x000001f6c100b800'
Event: 195.115 Thread 0x000001f6bf5aa0d0 Unloading class 0x000001f6c100b400 'java/lang/invoke/LambdaForm$DMH+0x000001f6c100b400'
Event: 195.115 Thread 0x000001f6bf5aa0d0 Unloading class 0x000001f6c100a800 'java/lang/invoke/LambdaForm$MH+0x000001f6c100a800'
Event: 195.115 Thread 0x000001f6bf5aa0d0 Unloading class 0x000001f6c1009c00 'java/lang/invoke/LambdaForm$MH+0x000001f6c1009c00'
Event: 195.115 Thread 0x000001f6bf5aa0d0 Unloading class 0x000001f6c1009800 'java/lang/invoke/LambdaForm$MH+0x000001f6c1009800'
Event: 195.115 Thread 0x000001f6bf5aa0d0 Unloading class 0x000001f6c1009400 'java/lang/invoke/LambdaForm$MH+0x000001f6c1009400'
Event: 195.115 Thread 0x000001f6bf5aa0d0 Unloading class 0x000001f6c1008c00 'java/lang/invoke/LambdaForm$MH+0x000001f6c1008c00'
Event: 195.115 Thread 0x000001f6bf5aa0d0 Unloading class 0x000001f6c1008000 'java/lang/invoke/LambdaForm$MH+0x000001f6c1008000'
Event: 195.116 Thread 0x000001f6bf5aa0d0 Unloading class 0x000001f6c1006c00 'java/lang/invoke/LambdaForm$MH+0x000001f6c1006c00'
Event: 195.116 Thread 0x000001f6bf5aa0d0 Unloading class 0x000001f6c1006800 'java/lang/invoke/LambdaForm$MH+0x000001f6c1006800'
Event: 195.116 Thread 0x000001f6bf5aa0d0 Unloading class 0x000001f6c1006000 'java/lang/invoke/LambdaForm$MH+0x000001f6c1006000'
Event: 195.116 Thread 0x000001f6bf5aa0d0 Unloading class 0x000001f6c1005800 'java/lang/invoke/LambdaForm$MH+0x000001f6c1005800'
Event: 195.116 Thread 0x000001f6bf5aa0d0 Unloading class 0x000001f6c1005000 'java/lang/invoke/LambdaForm$MH+0x000001f6c1005000'
Event: 195.116 Thread 0x000001f6bf5aa0d0 Unloading class 0x000001f6c1004800 'java/lang/invoke/LambdaForm$MH+0x000001f6c1004800'
Event: 195.116 Thread 0x000001f6bf5aa0d0 Unloading class 0x000001f6c1004000 'java/lang/invoke/LambdaForm$MH+0x000001f6c1004000'
Event: 195.116 Thread 0x000001f6bf5aa0d0 Unloading class 0x000001f6c1002400 'java/lang/invoke/LambdaForm$MH+0x000001f6c1002400'
Event: 195.116 Thread 0x000001f6bf5aa0d0 Unloading class 0x000001f6c1002000 'java/lang/invoke/LambdaForm$MH+0x000001f6c1002000'
Event: 195.116 Thread 0x000001f6bf5aa0d0 Unloading class 0x000001f6c1001c00 'java/lang/invoke/LambdaForm$MH+0x000001f6c1001c00'
Event: 195.116 Thread 0x000001f6bf5aa0d0 Unloading class 0x000001f6c1001400 'java/lang/invoke/LambdaForm$MH+0x000001f6c1001400'

Classes redefined (0 events):
No events

Internal exceptions (20 events):
Event: 17.892 Thread 0x000001f706679070 Exception <a 'java/lang/NoSuchMethodError'{0x0000000705968478}: 'java.lang.Object java.lang.invoke.DirectMethodHandle$Holder.invokeSpecial(java.lang.Object, java.lang.Object, java.lang.Object, java.lang.Object, java.lang.Object, long)'> (0x0000000705968478) 
thrown [s\open\src\hotspot\share\interpreter\linkResolver.cpp, line 773]
Event: 17.892 Thread 0x000001f706679070 Exception <a 'java/lang/NoSuchMethodError'{0x000000070596bc38}: 'java.lang.Object java.lang.invoke.Invokers$Holder.linkToTargetMethod(java.lang.Object, java.lang.Object, java.lang.Object, long, java.lang.Object)'> (0x000000070596bc38) 
thrown [s\open\src\hotspot\share\interpreter\linkResolver.cpp, line 773]
Event: 20.656 Thread 0x000001f707ffcd80 Exception <a 'java/lang/NoSuchMethodError'{0x0000000707421378}: 'java.lang.Object java.lang.invoke.DirectMethodHandle$Holder.invokeStatic(java.lang.Object, int, int)'> (0x0000000707421378) 
thrown [s\open\src\hotspot\share\interpreter\linkResolver.cpp, line 773]
Event: 68.153 Thread 0x000001f706679070 Exception <a 'java/lang/NoSuchMethodError'{0x00000007065f7ee0}: 'void java.lang.invoke.DirectMethodHandle$Holder.invokeSpecialIFC(java.lang.Object, java.lang.Object, int, java.lang.Object, java.lang.Object, java.lang.Object, java.lang.Object)'> (0x00000007065f7ee0) 
thrown [s\open\src\hotspot\share\interpreter\linkResolver.cpp, line 773]
Event: 68.224 Thread 0x000001f706679070 Exception <a 'java/lang/NoSuchMethodError'{0x0000000706113a58}: 'int java.lang.invoke.DirectMethodHandle$Holder.invokeStatic(java.lang.Object, java.lang.Object, int, int)'> (0x0000000706113a58) 
thrown [s\open\src\hotspot\share\interpreter\linkResolver.cpp, line 773]
Event: 68.232 Thread 0x000001f706679070 Exception <a 'java/lang/NoSuchMethodError'{0x0000000706187c48}: 'java.lang.Object java.lang.invoke.DirectMethodHandle$Holder.invokeInterface(java.lang.Object, java.lang.Object, java.lang.Object, java.lang.Object)'> (0x0000000706187c48) 
thrown [s\open\src\hotspot\share\interpreter\linkResolver.cpp, line 773]
Event: 68.235 Thread 0x000001f706679070 Exception <a 'java/lang/NoSuchMethodError'{0x00000007061a83e0}: 'void java.lang.invoke.Invokers$Holder.invokeExact_MT(java.lang.Object, java.lang.Object, int, java.lang.Object)'> (0x00000007061a83e0) 
thrown [s\open\src\hotspot\share\interpreter\linkResolver.cpp, line 773]
Event: 68.364 Thread 0x000001f706679070 Exception <a 'java/io/FileNotFoundException'{0x0000000705cea6a0}> (0x0000000705cea6a0) 
thrown [s\open\src\hotspot\share\prims\jni.cpp, line 520]
Event: 68.376 Thread 0x000001f706679070 Exception <a 'java/lang/NullPointerException'{0x0000000705d8fa28}> (0x0000000705d8fa28) 
thrown [s\open\src\hotspot\share\interpreter\linkResolver.cpp, line 1372]
Event: 68.376 Thread 0x000001f706679070 Exception <a 'java/lang/NullPointerException'{0x0000000705d90548}> (0x0000000705d90548) 
thrown [s\open\src\hotspot\share\interpreter\linkResolver.cpp, line 1372]
Event: 68.376 Thread 0x000001f706679070 Exception <a 'java/lang/NullPointerException'{0x0000000705d91068}> (0x0000000705d91068) 
thrown [s\open\src\hotspot\share\interpreter\linkResolver.cpp, line 1372]
Event: 68.380 Thread 0x000001f706679070 Exception <a 'java/lang/NullPointerException'{0x0000000705dbfcb8}> (0x0000000705dbfcb8) 
thrown [s\open\src\hotspot\share\interpreter\linkResolver.cpp, line 1372]
Event: 68.380 Thread 0x000001f706679070 Exception <a 'java/lang/NullPointerException'{0x0000000705dc07d8}> (0x0000000705dc07d8) 
thrown [s\open\src\hotspot\share\interpreter\linkResolver.cpp, line 1372]
Event: 68.380 Thread 0x000001f706679070 Exception <a 'java/lang/NullPointerException'{0x0000000705dc12f8}> (0x0000000705dc12f8) 
thrown [s\open\src\hotspot\share\interpreter\linkResolver.cpp, line 1372]
Event: 68.381 Thread 0x000001f706679070 Exception <a 'java/io/FileNotFoundException'{0x0000000705dcc438}> (0x0000000705dcc438) 
thrown [s\open\src\hotspot\share\prims\jni.cpp, line 520]
Event: 70.426 Thread 0x000001f707ffc060 Exception <a 'java/lang/NoSuchMethodError'{0x000000070578c6d8}: 'java.lang.Object java.lang.invoke.DirectMethodHandle$Holder.invokeInterface(java.lang.Object, java.lang.Object, int)'> (0x000000070578c6d8) 
thrown [s\open\src\hotspot\share\interpreter\linkResolver.cpp, line 773]
Event: 70.457 Thread 0x000001f707ffc060 Exception <a 'java/lang/IncompatibleClassChangeError'{0x0000000711c35780}: Found class java.lang.Object, but interface was expected> (0x0000000711c35780) 
thrown [s\open\src\hotspot\share\interpreter\linkResolver.cpp, line 840]
Event: 70.478 Thread 0x000001f707ffc060 Exception <a 'java/lang/NoSuchMethodError'{0x0000000711d13378}: 'double java.lang.invoke.DelegatingMethodHandle$Holder.reinvoke_L(java.lang.Object, java.lang.Object)'> (0x0000000711d13378) 
thrown [s\open\src\hotspot\share\interpreter\linkResolver.cpp, line 773]
Event: 70.478 Thread 0x000001f707ffc060 Exception <a 'java/lang/NoSuchMethodError'{0x0000000711d1ddf0}: 'void java.lang.invoke.DelegatingMethodHandle$Holder.reinvoke_L(java.lang.Object, java.lang.Object, double)'> (0x0000000711d1ddf0) 
thrown [s\open\src\hotspot\share\interpreter\linkResolver.cpp, line 773]
Event: 70.678 Thread 0x000001f707ffc060 Exception <a 'java/lang/NoSuchMethodError'{0x00000007117814c0}: 'double java.lang.invoke.DirectMethodHandle$Holder.invokeVirtual(java.lang.Object, java.lang.Object)'> (0x00000007117814c0) 
thrown [s\open\src\hotspot\share\interpreter\linkResolver.cpp, line 773]

ZGC Phase Switch (0 events):
No events

VM Operations (20 events):
Event: 72.761 Executing VM operation: Cleanup done
Event: 73.774 Executing VM operation: Cleanup
Event: 73.774 Executing VM operation: Cleanup done
Event: 120.084 Executing VM operation: Cleanup
Event: 120.084 Executing VM operation: Cleanup done
Event: 120.349 Executing VM operation: HandshakeAllThreads (HandshakeForDeflation)
Event: 120.349 Executing VM operation: HandshakeAllThreads (HandshakeForDeflation) done
Event: 120.349 Executing VM operation: RendezvousGCThreads
Event: 120.349 Executing VM operation: RendezvousGCThreads done
Event: 129.435 Executing VM operation: Cleanup
Event: 129.435 Executing VM operation: Cleanup done
Event: 133.458 Executing VM operation: Cleanup
Event: 133.458 Executing VM operation: Cleanup done
Event: 180.483 Executing VM operation: HandshakeAllThreads (HandshakeForDeflation)
Event: 180.484 Executing VM operation: HandshakeAllThreads (HandshakeForDeflation) done
Event: 180.484 Executing VM operation: RendezvousGCThreads
Event: 180.484 Executing VM operation: RendezvousGCThreads done
Event: 195.014 Executing VM operation: G1CollectForAllocation (G1 Evacuation Pause)
Event: 195.024 Executing VM operation: G1CollectForAllocation (G1 Evacuation Pause) done
Event: 195.115 Executing VM operation: G1PauseRemark

Events (20 events):
Event: 8.271 Thread 0x000001f7080229a0 Thread added: 0x000001f7080229a0
Event: 8.272 Thread 0x000001f70801e800 Thread added: 0x000001f70801e800
Event: 8.282 Thread 0x000001f70801e800 Thread exited: 0x000001f70801e800
Event: 8.283 Thread 0x000001f70801d450 Thread added: 0x000001f70801d450
Event: 8.291 Thread 0x000001f70801d450 Thread exited: 0x000001f70801d450
Event: 9.917 Thread 0x000001f706677cc0 Thread exited: 0x000001f706677cc0
Event: 17.890 Thread 0x000001f70525afe0 Thread exited: 0x000001f70525afe0
Event: 21.210 Thread 0x000001f70577f5b0 Thread added: 0x000001f70577f5b0
Event: 22.236 Thread 0x000001f70577f5b0 Thread exited: 0x000001f70577f5b0
Event: 26.193 Thread 0x000001f6bf7d0040 Thread exited: 0x000001f6bf7d0040
Event: 26.194 Thread 0x000001f6bf7d0040 Thread added: 0x000001f6bf7d0040
Event: 33.917 Thread 0x000001f6bf7d0040 Thread exited: 0x000001f6bf7d0040
Event: 68.513 Thread 0x000001f706ecceb0 Thread added: 0x000001f706ecceb0
Event: 70.382 Thread 0x000001f706ecceb0 Thread exited: 0x000001f706ecceb0
Event: 70.491 Thread 0x000001f705325530 Thread added: 0x000001f705325530
Event: 70.491 Thread 0x000001f705f98830 Thread added: 0x000001f705f98830
Event: 72.731 Thread 0x000001f705f98830 Thread exited: 0x000001f705f98830
Event: 78.164 Thread 0x000001f705325530 Thread exited: 0x000001f705325530
Event: 91.145 Thread 0x000001f7080229a0 Thread exited: 0x000001f7080229a0
Event: 107.773 Thread 0x000001f7057070f0 Thread exited: 0x000001f7057070f0


Dynamic libraries:
0x00007ff7e1f70000 - 0x00007ff7e1f80000 	C:\Program Files\Java\jdk-21\bin\java.exe
0x00007ffdc4f70000 - 0x00007ffdc5168000 	C:\Windows\SYSTEM32\ntdll.dll
0x00007ffdc41e0000 - 0x00007ffdc42a2000 	C:\Windows\System32\KERNEL32.DLL
0x00007ffdc2a40000 - 0x00007ffdc2d3e000 	C:\Windows\System32\KERNELBASE.dll
0x00007ffdc2660000 - 0x00007ffdc2760000 	C:\Windows\System32\ucrtbase.dll
0x00007ffdb92c0000 - 0x00007ffdb92db000 	C:\Program Files\Java\jdk-21\bin\VCRUNTIME140.dll
0x00007ffdb92a0000 - 0x00007ffdb92b9000 	C:\Program Files\Java\jdk-21\bin\jli.dll
0x00007ffdc31e0000 - 0x00007ffdc3291000 	C:\Windows\System32\ADVAPI32.dll
0x00007ffdc4e00000 - 0x00007ffdc4e9e000 	C:\Windows\System32\msvcrt.dll
0x00007ffdc3f30000 - 0x00007ffdc3fcf000 	C:\Windows\System32\sechost.dll
0x00007ffdc4b00000 - 0x00007ffdc4c23000 	C:\Windows\System32\RPCRT4.dll
0x00007ffdc28c0000 - 0x00007ffdc28e7000 	C:\Windows\System32\bcrypt.dll
0x00007ffdc44f0000 - 0x00007ffdc468d000 	C:\Windows\System32\USER32.dll
0x00007ffdb02f0000 - 0x00007ffdb058a000 	C:\Windows\WinSxS\amd64_microsoft.windows.common-controls_6595b64144ccf1df_6.0.19041.4355_none_60b8b9eb71f62e16\COMCTL32.dll
0x00007ffdc2e60000 - 0x00007ffdc2e82000 	C:\Windows\System32\win32u.dll
0x00007ffdc31b0000 - 0x00007ffdc31db000 	C:\Windows\System32\GDI32.dll
0x00007ffdc2d40000 - 0x00007ffdc2e57000 	C:\Windows\System32\gdi32full.dll
0x00007ffdc28f0000 - 0x00007ffdc298d000 	C:\Windows\System32\msvcp_win.dll
0x00007ffdb94c0000 - 0x00007ffdb94ca000 	C:\Windows\SYSTEM32\VERSION.dll
0x00007ffdc4f00000 - 0x00007ffdc4f2f000 	C:\Windows\System32\IMM32.DLL
0x00007ffdb48d0000 - 0x00007ffdb48dc000 	C:\Program Files\Java\jdk-21\bin\vcruntime140_1.dll
0x00007ffd97560000 - 0x00007ffd975ee000 	C:\Program Files\Java\jdk-21\bin\msvcp140.dll
0x00007ffd5de30000 - 0x00007ffd5eb47000 	C:\Program Files\Java\jdk-21\bin\server\jvm.dll
0x00007ffdc4030000 - 0x00007ffdc409b000 	C:\Windows\System32\WS2_32.dll
0x00007ffdc2470000 - 0x00007ffdc24bb000 	C:\Windows\SYSTEM32\POWRPROF.dll
0x00007ffdb0060000 - 0x00007ffdb0087000 	C:\Windows\SYSTEM32\WINMM.dll
0x00007ffdc2450000 - 0x00007ffdc2462000 	C:\Windows\SYSTEM32\UMPDC.dll
0x00007ffdc0490000 - 0x00007ffdc04a2000 	C:\Windows\SYSTEM32\kernel.appcore.dll
0x00007ffdb4850000 - 0x00007ffdb485a000 	C:\Program Files\Java\jdk-21\bin\jimage.dll
0x00007ffdbf890000 - 0x00007ffdbfa74000 	C:\Windows\SYSTEM32\DBGHELP.DLL
0x00007ffd9e1e0000 - 0x00007ffd9e214000 	C:\Windows\SYSTEM32\dbgcore.DLL
0x00007ffdc2f00000 - 0x00007ffdc2f82000 	C:\Windows\System32\bcryptPrimitives.dll
0x00007ffdbf510000 - 0x00007ffdbf51f000 	C:\Program Files\Java\jdk-21\bin\instrument.dll
0x00007ffdb4340000 - 0x00007ffdb435f000 	C:\Program Files\Java\jdk-21\bin\java.dll
0x00007ffdc3710000 - 0x00007ffdc3e7d000 	C:\Windows\System32\SHELL32.dll
0x00007ffdc0690000 - 0x00007ffdc0e34000 	C:\Windows\SYSTEM32\windows.storage.dll
0x00007ffdc46f0000 - 0x00007ffdc4a43000 	C:\Windows\System32\combase.dll
0x00007ffdc1fd0000 - 0x00007ffdc1ffe000 	C:\Windows\SYSTEM32\Wldp.dll
0x00007ffdc2fa0000 - 0x00007ffdc306d000 	C:\Windows\System32\OLEAUT32.dll
0x00007ffdc4a50000 - 0x00007ffdc4afd000 	C:\Windows\System32\SHCORE.dll
0x00007ffdc4ea0000 - 0x00007ffdc4ef5000 	C:\Windows\System32\shlwapi.dll
0x00007ffdc2540000 - 0x00007ffdc2564000 	C:\Windows\SYSTEM32\profapi.dll
0x00007ffda2d90000 - 0x00007ffda2da8000 	C:\Program Files\Java\jdk-21\bin\zip.dll
0x00007ffdb4840000 - 0x00007ffdb4850000 	C:\Program Files\Java\jdk-21\bin\net.dll
0x00007ffdb7020000 - 0x00007ffdb712d000 	C:\Windows\SYSTEM32\WINHTTP.dll
0x00007ffdc1d30000 - 0x00007ffdc1d9a000 	C:\Windows\system32\mswsock.dll
0x00007ffdb4320000 - 0x00007ffdb4336000 	C:\Program Files\Java\jdk-21\bin\nio.dll
0x00007ffdbf4f0000 - 0x00007ffdbf50a000 	C:\Program Files\JetBrains\IntelliJ IDEA 2023.3.6\bin\breakgen64.dll
0x00007ffdacca0000 - 0x00007ffdacca9000 	C:\Program Files\Java\jdk-21\bin\extnet.dll
0x00007ffdc19f0000 - 0x00007ffdc1aba000 	C:\Windows\SYSTEM32\DNSAPI.dll
0x00007ffdc19b0000 - 0x00007ffdc19eb000 	C:\Windows\SYSTEM32\IPHLPAPI.DLL
0x00007ffdc4cb0000 - 0x00007ffdc4cb8000 	C:\Windows\System32\NSI.dll
0x00007ffdaffc0000 - 0x00007ffdaffca000 	C:\Windows\System32\rasadhlp.dll
0x00007ffdaffe0000 - 0x00007ffdb0060000 	C:\Windows\System32\fwpuclnt.dll
0x00007ffdbf4e0000 - 0x00007ffdbf4ea000 	C:\Program Files\Java\jdk-21\bin\management.dll
0x00007ffdbf4d0000 - 0x00007ffdbf4db000 	C:\Program Files\Java\jdk-21\bin\management_ext.dll
0x00007ffdc2f90000 - 0x00007ffdc2f98000 	C:\Windows\System32\PSAPI.DLL
0x00007ffdc1f30000 - 0x00007ffdc1f48000 	C:\Windows\SYSTEM32\CRYPTSP.dll
0x00007ffdc15f0000 - 0x00007ffdc1624000 	C:\Windows\system32\rsaenh.dll
0x00007ffdc24c0000 - 0x00007ffdc24ee000 	C:\Windows\SYSTEM32\USERENV.dll
0x00007ffdc1f20000 - 0x00007ffdc1f2c000 	C:\Windows\SYSTEM32\CRYPTBASE.dll
0x00007ffd9c0b0000 - 0x00007ffd9c0c7000 	C:\Windows\system32\napinsp.dll
0x00007ffd9c090000 - 0x00007ffd9c0ab000 	C:\Windows\system32\pnrpnsp.dll
0x00007ffd9b300000 - 0x00007ffd9b315000 	C:\Windows\system32\wshbth.dll
0x00007ffdbb2d0000 - 0x00007ffdbb2ed000 	C:\Windows\system32\NLAapi.dll
0x00007ffd9b2e0000 - 0x00007ffd9b2f2000 	C:\Windows\System32\winrnr.dll
0x00007ffdbe720000 - 0x00007ffdbe72e000 	C:\Program Files\Java\jdk-21\bin\sunmscapi.dll
0x00007ffdc2760000 - 0x00007ffdc28bc000 	C:\Windows\System32\CRYPT32.dll
0x00007ffdc2040000 - 0x00007ffdc2067000 	C:\Windows\SYSTEM32\ncrypt.dll
0x00007ffdc2000000 - 0x00007ffdc203b000 	C:\Windows\SYSTEM32\NTASN1.dll
0x00007ffd9e030000 - 0x00007ffd9e040000 	C:\Program Files\Java\jdk-21\bin\verify.dll
0x00007ffdb8250000 - 0x00007ffdb8257000 	C:\Windows\system32\wshunix.dll

dbghelp: loaded successfully - version: 4.0.5 - missing functions: none
symbol engine: initialized successfully - sym options: 0x614 - pdb path: .;C:\Program Files\Java\jdk-21\bin;C:\Windows\SYSTEM32;C:\Windows\WinSxS\amd64_microsoft.windows.common-controls_6595b64144ccf1df_6.0.19041.4355_none_60b8b9eb71f62e16;C:\Program Files\Java\jdk-21\bin\server;C:\Program Files\JetBrains\IntelliJ IDEA 2023.3.6\bin

VM Arguments:
jvm_args: -XX:TieredStopAtLevel=1 -Dspring.output.ansi.enabled=always -Dcom.sun.management.jmxremote -Dspring.jmx.enabled=true -Dspring.liveBeansView.mbeanDomain -Dspring.application.admin.enabled=true -Dmanagement.endpoints.jmx.exposure.include=* -javaagent:C:\Program Files\JetBrains\IntelliJ IDEA 2023.3.6\lib\idea_rt.jar=51401:C:\Program Files\JetBrains\IntelliJ IDEA 2023.3.6\bin -Dfile.encoding=UTF-8 -Dsun.stdout.encoding=UTF-8 -Dsun.stderr.encoding=UTF-8 
java_command: fit.iuh.modish_motion.ModishMotionApplication
java_class_path (initial): E:\2024-2025\WWW\Modish Motion\modish-motion\target\classes;C:\Users\Admin\.m2\repository\org\springframework\boot\spring-boot-starter-thymeleaf\3.3.4\spring-boot-starter-thymeleaf-3.3.4.jar;C:\Users\Admin\.m2\repository\org\springframework\boot\spring-boot-starter\3.3.4\spring-boot-starter-3.3.4.jar;C:\Users\Admin\.m2\repository\org\springframework\boot\spring-boot-starter-logging\3.3.4\spring-boot-starter-logging-3.3.4.jar;C:\Users\Admin\.m2\repository\ch\qos\logback\logback-classic\1.5.8\logback-classic-1.5.8.jar;C:\Users\Admin\.m2\repository\ch\qos\logback\logback-core\1.5.8\logback-core-1.5.8.jar;C:\Users\Admin\.m2\repository\org\apache\logging\log4j\log4j-to-slf4j\2.23.1\log4j-to-slf4j-2.23.1.jar;C:\Users\Admin\.m2\repository\org\apache\logging\log4j\log4j-api\2.23.1\log4j-api-2.23.1.jar;C:\Users\Admin\.m2\repository\org\slf4j\jul-to-slf4j\2.0.16\jul-to-slf4j-2.0.16.jar;C:\Users\Admin\.m2\repository\jakarta\annotation\jakarta.annotation-api\2.1.1\jakarta.annotation-api-2.1.1.jar;C:\Users\Admin\.m2\repository\org\yaml\snakeyaml\2.2\snakeyaml-2.2.jar;C:\Users\Admin\.m2\repository\org\thymeleaf\thymeleaf-spring6\3.1.2.RELEASE\thymeleaf-spring6-3.1.2.RELEASE.jar;C:\Users\Admin\.m2\repository\org\thymeleaf\thymeleaf\3.1.2.RELEASE\thymeleaf-3.1.2.RELEASE.jar;C:\Users\Admin\.m2\repository\org\attoparser\attoparser\2.0.7.RELEASE\attoparser-2.0.7.RELEASE.jar;C:\Users\Admin\.m2\repository\org\unbescape\unbescape\1.1.6.RELEASE\unbescape-1.1.6.RELEASE.jar;C:\Users\Admin\.m2\repository\org\springframework\boot\spring-boot-starter-web\3.3.4\spring-boot-starter-web-3.3.4.jar;C:\Users\Admin\.m2\repository\org\springframework\boot\spring-boot-starter-json\3.3.4\spring-boot-starter-json-3.3.4.jar;C:\Users\Admin\.m2\repository\com\fasterxml\jackson\core\jackson-databind\2.17.2\jackson-databind-2.17.2.jar;C:\Users\Admin\.m2\repository\com\fasterxml\jackson\core\jackson-annotations\2.17.2\jackson-annotations-2.17.2.jar;C:\Users\Admin\.m2\repository\com\fasterxml\jackson\core\jackson-core\2.17.2\jackson-core-2.17.2.jar;C:\Users\Admin\.m2\repository\com\fasterxml\jackson\datatype\jackson-datatype-jdk8\2.17.2\jackson-datatype-jdk8-2.17.2.jar;C:\Users\Admin\.m2\repository\com\fasterxml\jackson\datatype\jackson-datatype-jsr310\2.17.2\jackson-datatype-jsr310-2.17.2.jar;C:\Users\Admin\.m2\repository\com\fasterxml\jackson\module\jackson-module-parameter-names\2.17.2\jackson-module-parameter-names-2.17.2.jar;C:\Users\Admin\.m2\repository\org\springframework\boot\spring-boot-starter-tomcat\3.3.4\spring-boot-starter-tomcat-3.3.4.jar;C:\Users\Admin\.m2\repository\org\apache\tomcat\embed\tomcat-embed-core\10.1.30\tomcat-embed-core-10.1.30.jar;C:\Users\Admin\.m2\repository\org\apache\tomcat\embed\tomcat-embed-el\10.1.30\tomcat-embed-el-10.1.30.jar;C:\Users\Admin\.m2\repository\org\apache\tomcat\embed\tomcat-embed-websocket\10.1.30\tomcat-embed-websocket-10.1.30.jar;C:\Users\Admin\.m2\repository\org\springframework\spring-web\6.1.13\spring-web-6.1.13.jar;C:\Users\Admin\.m2\repository\org\springframework\spring-beans\6.1.13\spring-beans-6.1.13.jar;C:\Users\Admin\.m2\repository\io\micrometer\micrometer-observation\1.13.4\micrometer-observation-1.13.4.jar;C:\Users\Admin\.m2\repository\io\micrometer\micrometer-commons\1.13.4\micrometer-commons-1.13.4.jar;C:\Users\Admin\.m2\repository\org\springframework\spring-webmvc\6.1.13\spring-webmvc-6.1.13.jar;C:\Users\Admin\.m2\repository\org\springframework\spring-context\6.1.13\spring-context-6.1.13.jar;C:\Users\Admin\.m2\repository\org\springframework\spring-expression\6.1.13\spring-expression-6.1.13.jar;C:\Users\Admin\.m2\repository\org\springframework\boot\spring-boot-devtools\3.3.4\spring-boot-devtools-3.3.4.jar;C:\Users\Admin\.m2\repository\org\springframework\boot\spring-boot\3.3.4\spring-boot-3.3.4.jar;C:\Users\Admin\.m2\repository\org\springframework\boot\spring-boot-autoconfigure\3.3.4\spring-boot-autoconfigure-3.3.4.jar;C:\Users\Admin\.m2\repository\org\projectlombok\lombok\1.18.34\lombok-1.18.34.jar;C:\Users\Admin\.m2\repository\jakarta\xml\bind\jakarta.xml.bind-api\4.0.2\jakarta.xml.bind-api-4.0.2.jar;C:\Users\Admin\.m2\repository\jakarta\activation\jakarta.activation-api\2.1.3\jakarta.activation-api-2.1.3.jar;C:\Users\Admin\.m2\repository\net\bytebuddy\byte-buddy\1.14.19\byte-buddy-1.14.19.jar;C:\Users\Admin\.m2\repository\org\springframework\spring-core\6.1.13\spring-core-6.1.13.jar;C:\Users\Admin\.m2\repository\org\springframework\spring-jcl\6.1.13\spring-jcl-6.1.13.jar;C:\Users\Admin\.m2\repository\org\mariadb\jdbc\mariadb-java-client\3.3.3\mariadb-java-client-3.3.3.jar;C:\Users\Admin\.m2\repository\com\github\waffle\waffle-jna\3.3.0\waffle-jna-3.3.0.jar;C:\Users\Admin\.m2\repository\net\java\dev\jna\jna\5.13.0\jna-5.13.0.jar;C:\Users\Admin\.m2\repository\net\java\dev\jna\jna-platform\5.13.0\jna-platform-5.13.0.jar;C:\Users\Admin\.m2\repository\org\slf4j\jcl-over-slf4j\2.0.16\jcl-over-slf4j-2.0.16.jar;C:\Users\Admin\.m2\repository\com\github\ben-manes\caffeine\caffeine\3.1.8\caffeine-3.1.8.jar;C:\Users\Admin\.m2\repository\com\google\errorprone\error_prone_annotations\2.21.1\error_prone_annotations-2.21.1.jar;C:\Users\Admin\.m2\repository\org\checkerframework\checker-qual\3.32.0\checker-qual-3.32.0.jar;C:\Users\Admin\.m2\repository\org\springframework\boot\spring-boot-starter-security\3.3.4\spring-boot-starter-security-3.3.4.jar;C:\Users\Admin\.m2\repository\org\springframework\spring-aop\6.1.13\spring-aop-6.1.13.jar;C:\Users\Admin\.m2\repository\org\springframework\security\spring-security-config\6.3.3\spring-security-config-6.3.3.jar;C:\Users\Admin\.m2\repository\org\springframework\security\spring-security-web\6.3.3\spring-security-web-6.3.3.jar;C:\Users\Admin\.m2\repository\org\springframework\boot\spring-boot-starter-data-jpa\3.3.4\spring-boot-starter-data-jpa-3.3.4.jar;C:\Users\Admin\.m2\repository\org\springframework\boot\spring-boot-starter-aop\3.3.4\spring-boot-starter-aop-3.3.4.jar;C:\Users\Admin\.m2\repository\org\aspectj\aspectjweaver\1.9.22.1\aspectjweaver-1.9.22.1.jar;C:\Users\Admin\.m2\repository\org\springframework\boot\spring-boot-starter-jdbc\3.3.4\spring-boot-starter-jdbc-3.3.4.jar;C:\Users\Admin\.m2\repository\com\zaxxer\HikariCP\5.1.0\HikariCP-5.1.0.jar;C:\Users\Admin\.m2\repository\org\springframework\spring-jdbc\6.1.13\spring-jdbc-6.1.13.jar;C:\Users\Admin\.m2\repository\org\hibernate\orm\hibernate-core\6.5.3.Final\hibernate-core-6.5.3.Final.jar;C:\Users\Admin\.m2\repository\jakarta\persistence\jakarta.persistence-api\3.1.0\jakarta.persistence-api-3.1.0.jar;C:\Users\Admin\.m2\repository\jakarta\transaction\jakarta.transaction-api\2.0.1\jakarta.transaction-api-2.0.1.jar;C:\Users\Admin\.m2\repository\org\jboss\logging\jboss-logging\3.5.3.Final\jboss-logging-3.5.3.Final.jar;C:\Users\Admin\.m2\repository\org\hibernate\common\hibernate-commons-annotations\6.0.6.Final\hibernate-commons-annotations-6.0.6.Final.jar;C:\Users\Admin\.m2\repository\io\smallrye\jandex\3.1.2\jandex-3.1.2.jar;C:\Users\Admin\.m2\repository\com\fasterxml\classmate\1.7.0\classmate-1.7.0.jar;C:\Users\Admin\.m2\repository\org\glassfish\jaxb\jaxb-runtime\4.0.5\jaxb-runtime-4.0.5.jar;C:\Users\Admin\.m2\repository\org\glassfish\jaxb\jaxb-core\4.0.5\jaxb-core-4.0.5.jar;C:\Users\Admin\.m2\repository\org\glassfish\jaxb\txw2\4.0.5\txw2-4.0.5.jar;C:\Users\Admin\.m2\repository\com\sun\istack\istack-commons-runtime\4.1.2\istack-commons-runtime-4.1.2.jar;C:\Users\Admin\.m2\repository\jakarta\inject\jakarta.inject-api\2.0.1\jakarta.inject-api-2.0.1.jar;C:\Users\Admin\.m2\repository\org\antlr\antlr4-runtime\4.13.0\antlr4-runtime-4.13.0.jar;C:\Users\Admin\.m2\repository\org\springframework\data\spring-data-jpa\3.3.4\spring-data-jpa-3.3.4.jar;C:\Users\Admin\.m2\repository\org\springframework\data\spring-data-commons\3.3.4\spring-data-commons-3.3.4.jar;C:\Users\Admin\.m2\repository\org\springframework\spring-orm\6.1.13\spring-orm-6.1.13.jar;C:\Users\Admin\.m2\repository\org\springframework\spring-tx\6.1.13\spring-tx-6.1.13.jar;C:\Users\Admin\.m2\repository\org\springframework\spring-aspects\6.1.13\spring-aspects-6.1.13.jar;C:\Users\Admin\.m2\repository\org\springframework\security\spring-security-core\6.3.3\spring-security-core-6.3.3.jar;C:\Users\Admin\.m2\repository\org\springframework\security\spring-security-crypto\6.3.3\spring-security-crypto-6.3.3.jar;C:\Users\Admin\.m2\repository\org\thymeleaf\extras\thymeleaf-extras-springsecurity6\3.1.2.RELEASE\thymeleaf-extras-springsecurity6-3.1.2.RELEASE.jar;C:\Users\Admin\.m2\repository\org\slf4j\slf4j-api\2.0.16\slf4j-api-2.0.16.jar;C:\Users\Admin\.m2\repository\org\springframework\boot\spring-boot-starter-mail\3.3.4\spring-boot-starter-mail-3.3.4.jar;C:\Users\Admin\.m2\repository\org\springframework\spring-context-support\6.1.13\spring-context-support-6.1.13.jar;C:\Users\Admin\.m2\repository\org\eclipse\angus\jakarta.mail\2.0.3\jakarta.mail-2.0.3.jar;C:\Users\Admin\.m2\repository\org\eclipse\angus\angus-activation\2.0.2\angus-activation-2.0.2.jar
Launcher Type: SUN_STANDARD

[Global flags]
     intx CICompilerCount                          = 3                                         {product} {ergonomic}
     uint ConcGCThreads                            = 1                                         {product} {ergonomic}
     uint G1ConcRefinementThreads                  = 4                                         {product} {ergonomic}
   size_t G1HeapRegionSize                         = 2097152                                   {product} {ergonomic}
    uintx GCDrainStackTargetSize                   = 64                                        {product} {ergonomic}
   size_t InitialHeapSize                          = 268435456                                 {product} {ergonomic}
     bool ManagementServer                         = true                                      {product} {command line}
   size_t MarkStackSize                            = 4194304                                   {product} {ergonomic}
   size_t MaxHeapSize                              = 4263510016                                {product} {ergonomic}
   size_t MaxNewSize                               = 2556428288                                {product} {ergonomic}
   size_t MinHeapDeltaBytes                        = 2097152                                   {product} {ergonomic}
   size_t MinHeapSize                              = 8388608                                   {product} {ergonomic}
    uintx NonNMethodCodeHeapSize                   = 4096                                   {pd product} {ergonomic}
    uintx NonProfiledCodeHeapSize                  = 0                                      {pd product} {ergonomic}
     bool ProfileInterpreter                       = false                                  {pd product} {command line}
    uintx ProfiledCodeHeapSize                     = 0                                      {pd product} {ergonomic}
   size_t SoftMaxHeapSize                          = 4263510016                             {manageable} {ergonomic}
     intx TieredStopAtLevel                        = 1                                         {product} {command line}
     bool UseCompressedOops                        = true                           {product lp64_product} {ergonomic}
     bool UseG1GC                                  = true                                      {product} {ergonomic}
     bool UseLargePagesIndividualAllocation        = false                                  {pd product} {ergonomic}

Logging:
Log output configuration:
 #0: stdout all=warning uptime,level,tags foldmultilines=false
 #1: stderr all=off uptime,level,tags foldmultilines=false

Environment Variables:
JAVA_HOME=C:\Program Files\Java\jdk-21
PATH=C:\Users\Admin\AppData\Roaming\Python\Python312\Scripts;C:\Users\Admin\AppData\Local\Programs\Python\Python312\;C:\Program Files\Common Files\Oracle\Java\javapath;C:\Windows\system32;C:\Windows;C:\Windows\System32\Wbem;C:\Windows\System32\WindowsPowerShell\v1.0\;C:\Windows\System32\OpenSSH\;C:\Program Files\dotnet\;C:\Program Files\Git\cmd;C:\Program Files\Microsoft SQL Server\120\Tools\Binn\;C:\Program Files\Microsoft SQL Server\Client SDK\ODBC\110\Tools\Binn\;C:\Program Files (x86)\Microsoft SQL Server\120\Tools\Binn\;C:\Program Files\Microsoft SQL Server\120\DTS\Binn\;C:\Program Files (x86)\Microsoft SQL Server\120\Tools\Binn\ManagementStudio\;C:\Program Files (x86)\Microsoft SQL Server\120\DTS\Binn\;C:\ProgramData\chocolatey\bin;C:\Users\Admin\AppData\Local\Android\Sdk\platform-tools;C:\Program Files\Microsoft SQL Server\150\Tools\Binn\;C:\Program Files\Microsoft SQL Server\Client SDK\ODBC\170\Tools\Binn\;C:\Program Files\Java\apache-maven-3.9.9\bin;C:\Program Files\Java\jdk-21\bin;C:\Program Files\MariaDB 11.5\bin;C:\Program Files\nodejs\;C:\Users\Admin\AppData\Local\Programs\Python\Launcher\;C:\Users\Admin\AppData\Local\Microsoft\WindowsApps;C:\Users\Admin\AppData\Local\Programs\Microsoft VS Code\bin;C:\Program Files\JetBrains\IntelliJ IDEA 2023.3.6\bin;;C:\Program Files\JetBrains\IntelliJ IDEA Community Edition 2023.3.4\bin;;C:\Users\Admin\.dotnet\tools;C:\Users\Admin\AppData\Roaming\npm
USERNAME=Admin
OS=Windows_NT
PROCESSOR_IDENTIFIER=Intel64 Family 6 Model 142 Stepping 9, GenuineIntel
TMP=C:\Users\Admin\AppData\Local\Temp
TEMP=C:\Users\Admin\AppData\Local\Temp




Periodic native trim disabled

---------------  S Y S T E M  ---------------

OS:
 Windows 10 , 64 bit Build 19041 (10.0.19041.5072)
OS uptime: 0 days 2:05 hours

CPU: total 4 (initial active 4) (2 cores per cpu, 2 threads per core) family 6 model 142 stepping 9 microcode 0xf4, cx8, cmov, fxsr, ht, mmx, 3dnowpref, sse, sse2, sse3, ssse3, sse4.1, sse4.2, popcnt, lzcnt, tsc, tscinvbit, avx, avx2, aes, erms, clmul, bmi1, bmi2, rtm, adx, fma, vzeroupper, clflush, clflushopt, rdtscp, f16c
Processor Information for all 4 processors :
  Max Mhz: 2712, Current Mhz: 2611, Mhz Limit: 2603

Memory: 4k page, system-wide physical 16262M (6047M free)
TotalPageFile size 32646M (AvailPageFile size 18090M)
current process WorkingSet (physical memory assigned to process): 280M, peak: 280M
current process commit charge ("private bytes"): 314M, peak: 371M

vm_info: Java HotSpot(TM) 64-Bit Server VM (21.0.2+13-LTS-58) for windows-amd64 JRE (21.0.2+13-LTS-58), built on 2024-01-05T18:32:24Z by "mach5one" with MS VC++ 17.1 (VS2022)

END.
